2016-11-07 02:55:04,555 - playground.twisted.endpoints.GateEndpoint.GateService - INFO - Connecting to gate 127.0.0.1 19092 with callback port 27563
2016-11-07 02:55:04,556 - playground.twisted.endpoints.GateEndpoint.GateService - INFO - Starting outbound connection to gate.
2016-11-07 02:55:04,557 - playground.twisted.endpoints.GateEndpoint.GateService - INFO - Connection to Gate established.
2016-11-07 02:55:04,558 - GateClientEndpoint.oubtound_20164.1.1337.5001_13370 - INFO - Gate connection complete.
2016-11-07 02:55:04,558 - playground.twisted.endpoints.GateEndpoint - INFO - Sending G2G outbound reservation to gate with ID 1373886456 for connection to 20164.1.1337.5001:13370
2016-11-07 02:55:04,559 - playground.twisted.endpoints.GateEndpoint - INFO - Gate Callback connection made to IPv4Address(TCP, '127.0.0.1', 33780)
2016-11-07 02:55:04,560 - playground.twisted.endpoints.GateEndpoint - INFO - Callback protocol <playground.twisted.endpoints.GateEndpoint.GateCallbackProtocol object at 0x7f463a454990> created and connected to TCP port 33780, but not yet initialized with gate data
2016-11-07 02:55:04,560 - GateClientEndpoint.oubtound_20164.1.1337.5001_13370 - INFO - Received response from gate of type Connect
2016-11-07 02:55:04,560 - GateClientEndpoint.oubtound_20164.1.1337.5001_13370 - INFO - Connection half-open from 20164.1.1337.6001 1000 to 20164.1.1337.5001 13370
2016-11-07 02:55:04,560 - GateClientEndpoint.oubtound_20164.1.1337.5001_13370 - INFO - Received response from gate of type Connect Complete
2016-11-07 02:55:04,561 - GateClientEndpoint.oubtound_20164.1.1337.5001_13370 - INFO - Completing outbound connection
2016-11-07 02:55:04,561 - playground.twisted.endpoints.GateEndpoint - INFO - Callback protocol <playground.twisted.endpoints.GateEndpoint.GateCallbackProtocol object at 0x7f463a454990> initialized for gate 20164.1.1337.6001:1000 to 20164.1.1337.5001:13370
2016-11-07 02:55:04,561 - playground.twisted.endpoints.GateEndpoint - INFO - Setting higher layer transport <class 'playground.twisted.endpoints.GateEndpoint.GateTransport'> Transport 20164.1.1337.6001: 1000 to 20164.1.1337.5001: 13370 over <GateCallbackProtocol #0 on 27563>
2016-11-07 02:55:04,574 - root - DEBUG - Starting state machine RIP State Machine in state CLOSED
2016-11-07 02:55:04,574 - root - DEBUG - State machine RIP State Machine in state CLOSED received signal SEND_SNN (None)
2016-11-07 02:55:04,574 - root - DEBUG - State machine RIP State Machine existing current state CLOSED
2016-11-07 02:55:04,574 - root - DEBUG - State machine RIP State Machine entering state SNN-SENT
2016-11-07 02:55:04,690 - root - DEBUG - State machine RIP State Machine in state SNN-SENT received signal RECV_SNN_ACK (RIP.RIPMessage v1.0 (7f463a3a7a10))
2016-11-07 02:55:04,690 - root - DEBUG - State machine RIP State Machine existing current state SNN-SENT
2016-11-07 02:55:04,691 - root - DEBUG - State machine RIP State Machine entering state ESTAB
2016-11-07 02:55:26,316 - playground.twisted.endpoints.GateEndpoint - INFO - GateTransport 20164.1.1337.6001: 1000 to 20164.1.1337.5001: 13370 lose connection
2016-11-07 02:55:26,321 - playground.twisted.endpoints.GateEndpoint - INFO - Gate Callback connection lost. Disconnecting higher protocol. reason=[Failure instance: Traceback (failure with no frames): <class 'twisted.internet.error.ConnectionDone'>: Connection was closed cleanly.
]
2016-11-07 02:59:17,796 - playground.twisted.endpoints.GateEndpoint.GateService - INFO - Connecting to gate 127.0.0.1 19092 with callback port 11700
2016-11-07 02:59:17,797 - playground.twisted.endpoints.GateEndpoint.GateService - INFO - Starting outbound connection to gate.
2016-11-07 02:59:17,798 - playground.twisted.endpoints.GateEndpoint.GateService - INFO - Connection to Gate established.
2016-11-07 02:59:17,798 - GateClientEndpoint.oubtound_20164.1.1337.5001_13370 - INFO - Gate connection complete.
2016-11-07 02:59:17,798 - playground.twisted.endpoints.GateEndpoint - INFO - Sending G2G outbound reservation to gate with ID 77648327 for connection to 20164.1.1337.5001:13370
2016-11-07 02:59:17,800 - playground.twisted.endpoints.GateEndpoint - INFO - Gate Callback connection made to IPv4Address(TCP, '127.0.0.1', 46536)
2016-11-07 02:59:17,800 - playground.twisted.endpoints.GateEndpoint - INFO - Callback protocol <playground.twisted.endpoints.GateEndpoint.GateCallbackProtocol object at 0x7f857f814990> created and connected to TCP port 46536, but not yet initialized with gate data
2016-11-07 02:59:17,801 - GateClientEndpoint.oubtound_20164.1.1337.5001_13370 - INFO - Received response from gate of type Connect
2016-11-07 02:59:17,801 - GateClientEndpoint.oubtound_20164.1.1337.5001_13370 - INFO - Connection half-open from 20164.1.1337.6001 1000 to 20164.1.1337.5001 13370
2016-11-07 02:59:17,801 - GateClientEndpoint.oubtound_20164.1.1337.5001_13370 - INFO - Received response from gate of type Connect Complete
2016-11-07 02:59:17,802 - GateClientEndpoint.oubtound_20164.1.1337.5001_13370 - INFO - Completing outbound connection
2016-11-07 02:59:17,803 - playground.twisted.endpoints.GateEndpoint - INFO - Callback protocol <playground.twisted.endpoints.GateEndpoint.GateCallbackProtocol object at 0x7f857f814990> initialized for gate 20164.1.1337.6001:1000 to 20164.1.1337.5001:13370
2016-11-07 02:59:17,803 - playground.twisted.endpoints.GateEndpoint - INFO - Setting higher layer transport <class 'playground.twisted.endpoints.GateEndpoint.GateTransport'> Transport 20164.1.1337.6001: 1000 to 20164.1.1337.5001: 13370 over <GateCallbackProtocol #0 on 11700>
2016-11-07 02:59:17,822 - root - DEBUG - Starting state machine RIP State Machine in state CLOSED
2016-11-07 02:59:17,825 - root - DEBUG - State machine RIP State Machine in state CLOSED received signal SEND_SNN (None)
2016-11-07 02:59:17,825 - root - DEBUG - State machine RIP State Machine existing current state CLOSED
2016-11-07 02:59:17,826 - root - DEBUG - State machine RIP State Machine entering state SNN-SENT
2016-11-07 02:59:17,994 - root - DEBUG - State machine RIP State Machine in state SNN-SENT received signal RECV_SNN_ACK (RIP.RIPMessage v1.0 (7f857f768a90))
2016-11-07 02:59:17,995 - root - DEBUG - State machine RIP State Machine existing current state SNN-SENT
2016-11-07 02:59:17,996 - root - DEBUG - State machine RIP State Machine entering state ESTAB
2016-11-07 02:59:33,051 - playground.twisted.endpoints.GateEndpoint - INFO - GateTransport 20164.1.1337.6001: 1000 to 20164.1.1337.5001: 13370 lose connection
2016-11-07 02:59:33,052 - playground.twisted.endpoints.GateEndpoint - INFO - Gate Callback connection lost. Disconnecting higher protocol. reason=[Failure instance: Traceback (failure with no frames): <class 'twisted.internet.error.ConnectionDone'>: Connection was closed cleanly.
]
2016-11-07 03:00:11,690 - playground.twisted.endpoints.GateEndpoint.GateService - INFO - Connecting to gate 127.0.0.1 19092 with callback port 20696
2016-11-07 03:00:11,690 - playground.twisted.endpoints.GateEndpoint.GateService - INFO - Starting outbound connection to gate.
2016-11-07 03:00:11,691 - playground.twisted.endpoints.GateEndpoint.GateService - INFO - Connection to Gate established.
2016-11-07 03:00:11,692 - GateClientEndpoint.oubtound_20164.1.1337.5001_13370 - INFO - Gate connection complete.
2016-11-07 03:00:11,692 - playground.twisted.endpoints.GateEndpoint - INFO - Sending G2G outbound reservation to gate with ID 583460539 for connection to 20164.1.1337.5001:13370
2016-11-07 03:00:11,694 - playground.twisted.endpoints.GateEndpoint - INFO - Gate Callback connection made to IPv4Address(TCP, '127.0.0.1', 57536)
2016-11-07 03:00:11,694 - playground.twisted.endpoints.GateEndpoint - INFO - Callback protocol <playground.twisted.endpoints.GateEndpoint.GateCallbackProtocol object at 0x7fca0fe34990> created and connected to TCP port 57536, but not yet initialized with gate data
2016-11-07 03:00:11,695 - GateClientEndpoint.oubtound_20164.1.1337.5001_13370 - INFO - Received response from gate of type Connect
2016-11-07 03:00:11,695 - GateClientEndpoint.oubtound_20164.1.1337.5001_13370 - INFO - Connection half-open from 20164.1.1337.6001 1000 to 20164.1.1337.5001 13370
2016-11-07 03:00:11,695 - GateClientEndpoint.oubtound_20164.1.1337.5001_13370 - INFO - Received response from gate of type Connect Complete
2016-11-07 03:00:11,696 - GateClientEndpoint.oubtound_20164.1.1337.5001_13370 - INFO - Completing outbound connection
2016-11-07 03:00:11,696 - playground.twisted.endpoints.GateEndpoint - INFO - Callback protocol <playground.twisted.endpoints.GateEndpoint.GateCallbackProtocol object at 0x7fca0fe34990> initialized for gate 20164.1.1337.6001:1000 to 20164.1.1337.5001:13370
2016-11-07 03:00:11,696 - playground.twisted.endpoints.GateEndpoint - INFO - Setting higher layer transport <class 'playground.twisted.endpoints.GateEndpoint.GateTransport'> Transport 20164.1.1337.6001: 1000 to 20164.1.1337.5001: 13370 over <GateCallbackProtocol #0 on 20696>
2016-11-07 03:00:11,710 - root - DEBUG - Starting state machine RIP State Machine in state CLOSED
2016-11-07 03:00:11,710 - root - DEBUG - State machine RIP State Machine in state CLOSED received signal SEND_SNN (None)
2016-11-07 03:00:11,710 - root - DEBUG - State machine RIP State Machine existing current state CLOSED
2016-11-07 03:00:11,710 - root - DEBUG - State machine RIP State Machine entering state SNN-SENT
2016-11-07 03:00:11,875 - root - DEBUG - State machine RIP State Machine in state SNN-SENT received signal RECV_SNN_ACK (RIP.RIPMessage v1.0 (7fca0fd88890))
2016-11-07 03:00:11,875 - root - DEBUG - State machine RIP State Machine existing current state SNN-SENT
2016-11-07 03:00:11,875 - root - DEBUG - State machine RIP State Machine entering state ESTAB
2016-11-07 03:00:18,297 - playground.twisted.endpoints.GateEndpoint - INFO - GateTransport 20164.1.1337.6001: 1000 to 20164.1.1337.5001: 13370 lose connection
2016-11-07 03:00:18,297 - playground.twisted.endpoints.GateEndpoint - INFO - Gate Callback connection lost. Disconnecting higher protocol. reason=[Failure instance: Traceback (failure with no frames): <class 'twisted.internet.error.ConnectionDone'>: Connection was closed cleanly.
]
2016-11-07 03:02:03,199 - playground.twisted.endpoints.GateEndpoint.GateService - INFO - Connecting to gate 127.0.0.1 19092 with callback port 13806
2016-11-07 03:02:03,199 - playground.twisted.endpoints.GateEndpoint.GateService - INFO - Starting outbound connection to gate.
2016-11-07 03:02:03,201 - playground.twisted.endpoints.GateEndpoint.GateService - INFO - Connection to Gate established.
2016-11-07 03:02:03,201 - GateClientEndpoint.oubtound_20164.1.1337.5001_13370 - INFO - Gate connection complete.
2016-11-07 03:02:03,202 - playground.twisted.endpoints.GateEndpoint - INFO - Sending G2G outbound reservation to gate with ID 230190870 for connection to 20164.1.1337.5001:13370
2016-11-07 03:02:03,204 - GateClientEndpoint.oubtound_20164.1.1337.5001_13370 - INFO - Received response from gate of type Connect
2016-11-07 03:02:03,204 - GateClientEndpoint.oubtound_20164.1.1337.5001_13370 - INFO - Connection half-open from 20164.1.1337.6001 1000 to 20164.1.1337.5001 13370
2016-11-07 03:02:03,205 - GateClientEndpoint.oubtound_20164.1.1337.5001_13370 - INFO - Received response from gate of type Connect Complete
2016-11-07 03:02:03,205 - GateClientEndpoint.oubtound_20164.1.1337.5001_13370 - INFO - Completing outbound connection
2016-11-07 03:02:03,206 - playground.twisted.endpoints.GateEndpoint - INFO - Gate Callback connection made to IPv4Address(TCP, '127.0.0.1', 55042)
2016-11-07 03:02:03,206 - playground.twisted.endpoints.GateEndpoint - INFO - Callback protocol <playground.twisted.endpoints.GateEndpoint.GateCallbackProtocol object at 0x7f438cfbfe10> created and connected to TCP port 55042, but not yet initialized with gate data
2016-11-07 03:02:03,456 - playground.twisted.endpoints.GateEndpoint - INFO - Callback protocol <playground.twisted.endpoints.GateEndpoint.GateCallbackProtocol object at 0x7f438cfbfe10> initialized for gate 20164.1.1337.6001:1000 to 20164.1.1337.5001:13370
2016-11-07 03:02:03,456 - playground.twisted.endpoints.GateEndpoint - INFO - Setting higher layer transport <class 'playground.twisted.endpoints.GateEndpoint.GateTransport'> Transport 20164.1.1337.6001: 1000 to 20164.1.1337.5001: 13370 over <GateCallbackProtocol #0 on 13806>
2016-11-07 03:02:03,468 - root - DEBUG - Starting state machine RIP State Machine in state CLOSED
2016-11-07 03:02:03,468 - root - DEBUG - State machine RIP State Machine in state CLOSED received signal SEND_SNN (None)
2016-11-07 03:02:03,468 - root - DEBUG - State machine RIP State Machine existing current state CLOSED
2016-11-07 03:02:03,468 - root - DEBUG - State machine RIP State Machine entering state SNN-SENT
2016-11-07 03:02:03,579 - root - DEBUG - State machine RIP State Machine in state SNN-SENT received signal RECV_SNN_ACK (RIP.RIPMessage v1.0 (7f438cf13910))
2016-11-07 03:02:03,580 - root - DEBUG - State machine RIP State Machine existing current state SNN-SENT
2016-11-07 03:02:03,580 - root - DEBUG - State machine RIP State Machine entering state ESTAB
2016-11-07 03:02:14,958 - playground.twisted.endpoints.GateEndpoint - INFO - GateTransport 20164.1.1337.6001: 1000 to 20164.1.1337.5001: 13370 lose connection
2016-11-07 03:02:14,959 - playground.twisted.endpoints.GateEndpoint - INFO - Gate Callback connection lost. Disconnecting higher protocol. reason=[Failure instance: Traceback (failure with no frames): <class 'twisted.internet.error.ConnectionDone'>: Connection was closed cleanly.
]
2016-11-07 03:08:51,918 - playground.twisted.endpoints.GateEndpoint.GateService - INFO - Connecting to gate 127.0.0.1 19092 with callback port 30015
2016-11-07 03:08:51,941 - playground.twisted.endpoints.GateEndpoint.GateService - INFO - Starting outbound connection to gate.
2016-11-07 03:08:51,942 - playground.twisted.endpoints.GateEndpoint.GateService - INFO - Connection to Gate established.
2016-11-07 03:08:51,942 - GateClientEndpoint.oubtound_20164.1.1337.5001_13370 - INFO - Gate connection complete.
2016-11-07 03:08:51,943 - playground.twisted.endpoints.GateEndpoint - INFO - Sending G2G outbound reservation to gate with ID 1750928748 for connection to 20164.1.1337.5001:13370
2016-11-07 03:08:51,946 - playground.twisted.endpoints.GateEndpoint - INFO - Gate Callback connection made to IPv4Address(TCP, '127.0.0.1', 34364)
2016-11-07 03:08:51,946 - playground.twisted.endpoints.GateEndpoint - INFO - Callback protocol <playground.twisted.endpoints.GateEndpoint.GateCallbackProtocol object at 0x7f9ac47138d0> created and connected to TCP port 34364, but not yet initialized with gate data
2016-11-07 03:08:51,947 - GateClientEndpoint.oubtound_20164.1.1337.5001_13370 - INFO - Received response from gate of type Connect
2016-11-07 03:08:51,947 - GateClientEndpoint.oubtound_20164.1.1337.5001_13370 - INFO - Connection half-open from 20164.1.1337.6001 1000 to 20164.1.1337.5001 13370
2016-11-07 03:08:51,948 - GateClientEndpoint.oubtound_20164.1.1337.5001_13370 - INFO - Received response from gate of type Connect Complete
2016-11-07 03:08:56,054 - playground.twisted.endpoints.GateEndpoint - INFO - Gate Callback connection lost. Disconnecting higher protocol. reason=[Failure instance: Traceback (failure with no frames): <class 'twisted.internet.error.ConnectionLost'>: Connection to the other side was lost in a non-clean fashion: Connection lost.
]
2016-11-07 03:09:31,174 - playground.twisted.endpoints.GateEndpoint.GateService - INFO - Connecting to gate 127.0.0.1 19092 with callback port 25924
2016-11-07 03:09:31,175 - playground.twisted.endpoints.GateEndpoint.GateService - INFO - Starting outbound connection to gate.
2016-11-07 03:09:31,176 - playground.twisted.endpoints.GateEndpoint.GateService - INFO - Connection to Gate established.
2016-11-07 03:09:31,176 - GateClientEndpoint.oubtound_20164.1.1337.5001_13370 - INFO - Gate connection complete.
2016-11-07 03:09:31,177 - playground.twisted.endpoints.GateEndpoint - INFO - Sending G2G outbound reservation to gate with ID 654883756 for connection to 20164.1.1337.5001:13370
2016-11-07 03:09:31,180 - GateClientEndpoint.oubtound_20164.1.1337.5001_13370 - INFO - Received response from gate of type Connect
2016-11-07 03:09:31,180 - GateClientEndpoint.oubtound_20164.1.1337.5001_13370 - INFO - Connection half-open from 20164.1.1337.6001 1000 to 20164.1.1337.5001 13370
2016-11-07 03:09:31,180 - GateClientEndpoint.oubtound_20164.1.1337.5001_13370 - INFO - Received response from gate of type Connect Complete
2016-11-07 03:09:31,181 - GateClientEndpoint.oubtound_20164.1.1337.5001_13370 - INFO - Completing outbound connection
2016-11-07 03:09:31,182 - playground.twisted.endpoints.GateEndpoint - INFO - Gate Callback connection made to IPv4Address(TCP, '127.0.0.1', 34126)
2016-11-07 03:09:31,182 - playground.twisted.endpoints.GateEndpoint - INFO - Callback protocol <playground.twisted.endpoints.GateEndpoint.GateCallbackProtocol object at 0x7fae74cccd10> created and connected to TCP port 34126, but not yet initialized with gate data
2016-11-07 03:09:31,431 - playground.twisted.endpoints.GateEndpoint - INFO - Callback protocol <playground.twisted.endpoints.GateEndpoint.GateCallbackProtocol object at 0x7fae74cccd10> initialized for gate 20164.1.1337.6001:1000 to 20164.1.1337.5001:13370
2016-11-07 03:09:31,432 - playground.twisted.endpoints.GateEndpoint - INFO - Setting higher layer transport <class 'playground.twisted.endpoints.GateEndpoint.GateTransport'> Transport 20164.1.1337.6001: 1000 to 20164.1.1337.5001: 13370 over <GateCallbackProtocol #0 on 25924>
2016-11-07 03:09:31,444 - root - DEBUG - Starting state machine RIP State Machine in state CLOSED
2016-11-07 03:09:31,444 - root - DEBUG - State machine RIP State Machine in state CLOSED received signal SEND_SNN (None)
2016-11-07 03:09:31,444 - root - DEBUG - State machine RIP State Machine existing current state CLOSED
2016-11-07 03:09:31,444 - root - DEBUG - State machine RIP State Machine entering state SNN-SENT
2016-11-07 03:09:31,581 - root - DEBUG - State machine RIP State Machine in state SNN-SENT received signal RECV_SNN_ACK (RIP.RIPMessage v1.0 (7fae74c1f810))
2016-11-07 03:09:31,581 - root - DEBUG - State machine RIP State Machine existing current state SNN-SENT
2016-11-07 03:09:31,581 - root - DEBUG - State machine RIP State Machine entering state ESTAB
2016-11-07 03:09:42,001 - playground.twisted.endpoints.GateEndpoint - INFO - GateTransport 20164.1.1337.6001: 1000 to 20164.1.1337.5001: 13370 lose connection
2016-11-07 03:09:42,006 - playground.twisted.endpoints.GateEndpoint - INFO - Gate Callback connection lost. Disconnecting higher protocol. reason=[Failure instance: Traceback (failure with no frames): <class 'twisted.internet.error.ConnectionDone'>: Connection was closed cleanly.
]
2016-11-07 03:09:46,909 - playground.twisted.endpoints.GateEndpoint.GateService - INFO - Connecting to gate 127.0.0.1 19092 with callback port 13127
2016-11-07 03:09:46,910 - playground.twisted.endpoints.GateEndpoint.GateService - INFO - Starting outbound connection to gate.
2016-11-07 03:09:46,911 - playground.twisted.endpoints.GateEndpoint.GateService - INFO - Connection to Gate established.
2016-11-07 03:09:46,912 - GateClientEndpoint.oubtound_20164.1.1337.5001_13370 - INFO - Gate connection complete.
2016-11-07 03:09:46,912 - playground.twisted.endpoints.GateEndpoint - INFO - Sending G2G outbound reservation to gate with ID 1476100277 for connection to 20164.1.1337.5001:13370
2016-11-07 03:09:46,914 - playground.twisted.endpoints.GateEndpoint - INFO - Gate Callback connection made to IPv4Address(TCP, '127.0.0.1', 50314)
2016-11-07 03:09:46,915 - playground.twisted.endpoints.GateEndpoint - INFO - Callback protocol <playground.twisted.endpoints.GateEndpoint.GateCallbackProtocol object at 0x7fd1ef120890> created and connected to TCP port 50314, but not yet initialized with gate data
2016-11-07 03:09:46,915 - GateClientEndpoint.oubtound_20164.1.1337.5001_13370 - INFO - Received response from gate of type Connect
2016-11-07 03:09:46,915 - GateClientEndpoint.oubtound_20164.1.1337.5001_13370 - INFO - Connection half-open from 20164.1.1337.6001 1000 to 20164.1.1337.5001 13370
2016-11-07 03:09:46,916 - GateClientEndpoint.oubtound_20164.1.1337.5001_13370 - INFO - Received response from gate of type Connect Complete
2016-11-07 03:09:46,916 - GateClientEndpoint.oubtound_20164.1.1337.5001_13370 - INFO - Completing outbound connection
2016-11-07 03:09:46,917 - playground.twisted.endpoints.GateEndpoint - INFO - Callback protocol <playground.twisted.endpoints.GateEndpoint.GateCallbackProtocol object at 0x7fd1ef120890> initialized for gate 20164.1.1337.6001:1000 to 20164.1.1337.5001:13370
2016-11-07 03:09:46,917 - playground.twisted.endpoints.GateEndpoint - INFO - Setting higher layer transport <class 'playground.twisted.endpoints.GateEndpoint.GateTransport'> Transport 20164.1.1337.6001: 1000 to 20164.1.1337.5001: 13370 over <GateCallbackProtocol #0 on 13127>
2016-11-07 03:09:46,933 - root - DEBUG - Starting state machine RIP State Machine in state CLOSED
2016-11-07 03:09:46,933 - root - DEBUG - State machine RIP State Machine in state CLOSED received signal SEND_SNN (None)
2016-11-07 03:09:46,933 - root - DEBUG - State machine RIP State Machine existing current state CLOSED
2016-11-07 03:09:46,934 - root - DEBUG - State machine RIP State Machine entering state SNN-SENT
2016-11-07 03:09:57,440 - playground.twisted.endpoints.GateEndpoint - INFO - Gate Callback connection lost. Disconnecting higher protocol. reason=[Failure instance: Traceback (failure with no frames): <class 'twisted.internet.error.ConnectionLost'>: Connection to the other side was lost in a non-clean fashion: Connection lost.
]
2016-11-07 03:10:03,120 - playground.twisted.endpoints.GateEndpoint.GateService - INFO - Connecting to gate 127.0.0.1 19092 with callback port 28899
2016-11-07 03:10:03,121 - playground.twisted.endpoints.GateEndpoint.GateService - INFO - Starting outbound connection to gate.
2016-11-07 03:10:03,122 - playground.twisted.endpoints.GateEndpoint.GateService - INFO - Connection to Gate established.
2016-11-07 03:10:03,122 - GateClientEndpoint.oubtound_20164.1.1337.5001_13370 - INFO - Gate connection complete.
2016-11-07 03:10:03,122 - playground.twisted.endpoints.GateEndpoint - INFO - Sending G2G outbound reservation to gate with ID 1832613973 for connection to 20164.1.1337.5001:13370
2016-11-07 03:10:03,124 - GateClientEndpoint.oubtound_20164.1.1337.5001_13370 - INFO - Received response from gate of type Connect
2016-11-07 03:10:03,125 - GateClientEndpoint.oubtound_20164.1.1337.5001_13370 - INFO - Connection half-open from 20164.1.1337.6001 1000 to 20164.1.1337.5001 13370
2016-11-07 03:10:03,125 - GateClientEndpoint.oubtound_20164.1.1337.5001_13370 - INFO - Received response from gate of type Connect Complete
2016-11-07 03:10:03,126 - GateClientEndpoint.oubtound_20164.1.1337.5001_13370 - INFO - Completing outbound connection
2016-11-07 03:10:03,126 - playground.twisted.endpoints.GateEndpoint - INFO - Gate Callback connection made to IPv4Address(TCP, '127.0.0.1', 42450)
2016-11-07 03:10:03,126 - playground.twisted.endpoints.GateEndpoint - INFO - Callback protocol <playground.twisted.endpoints.GateEndpoint.GateCallbackProtocol object at 0x7f75eea95d10> created and connected to TCP port 42450, but not yet initialized with gate data
2016-11-07 03:10:03,376 - playground.twisted.endpoints.GateEndpoint - INFO - Callback protocol <playground.twisted.endpoints.GateEndpoint.GateCallbackProtocol object at 0x7f75eea95d10> initialized for gate 20164.1.1337.6001:1000 to 20164.1.1337.5001:13370
2016-11-07 03:10:03,376 - playground.twisted.endpoints.GateEndpoint - INFO - Setting higher layer transport <class 'playground.twisted.endpoints.GateEndpoint.GateTransport'> Transport 20164.1.1337.6001: 1000 to 20164.1.1337.5001: 13370 over <GateCallbackProtocol #0 on 28899>
2016-11-07 03:10:03,395 - root - DEBUG - Starting state machine RIP State Machine in state CLOSED
2016-11-07 03:10:03,395 - root - DEBUG - State machine RIP State Machine in state CLOSED received signal SEND_SNN (None)
2016-11-07 03:10:03,395 - root - DEBUG - State machine RIP State Machine existing current state CLOSED
2016-11-07 03:10:03,395 - root - DEBUG - State machine RIP State Machine entering state SNN-SENT
2016-11-07 03:10:03,524 - root - DEBUG - State machine RIP State Machine in state SNN-SENT received signal RECV_SNN_ACK (RIP.RIPMessage v1.0 (7f75ee9e8910))
2016-11-07 03:10:03,524 - root - DEBUG - State machine RIP State Machine existing current state SNN-SENT
2016-11-07 03:10:03,530 - root - DEBUG - State machine RIP State Machine entering state ESTAB
2016-11-07 03:10:06,271 - playground.twisted.endpoints.GateEndpoint.GateService - INFO - Connecting to gate 127.0.0.1 19093 with callback port 9634
2016-11-07 03:10:06,272 - playground.twisted.endpoints.GateEndpoint.GateService - INFO - Starting outbound connection to gate.
2016-11-07 03:10:06,274 - playground.twisted.endpoints.GateEndpoint.GateService - INFO - Connection to Gate established.
2016-11-07 03:10:06,274 - GateClientEndpoint.oubtound_20164.1.1337.5001_13370 - INFO - Gate connection complete.
2016-11-07 03:10:06,274 - playground.twisted.endpoints.GateEndpoint - INFO - Sending G2G outbound reservation to gate with ID 2410917957 for connection to 20164.1.1337.5001:13370
2016-11-07 03:10:06,278 - GateClientEndpoint.oubtound_20164.1.1337.5001_13370 - INFO - Received response from gate of type Connect
2016-11-07 03:10:06,278 - GateClientEndpoint.oubtound_20164.1.1337.5001_13370 - INFO - Connection half-open from 20164.1.1337.6002 1000 to 20164.1.1337.5001 13370
2016-11-07 03:10:06,278 - GateClientEndpoint.oubtound_20164.1.1337.5001_13370 - INFO - Received response from gate of type Connect Complete
2016-11-07 03:10:06,279 - GateClientEndpoint.oubtound_20164.1.1337.5001_13370 - INFO - Completing outbound connection
2016-11-07 03:10:06,279 - playground.twisted.endpoints.GateEndpoint - INFO - Gate Callback connection made to IPv4Address(TCP, '127.0.0.1', 43838)
2016-11-07 03:10:06,280 - playground.twisted.endpoints.GateEndpoint - INFO - Callback protocol <playground.twisted.endpoints.GateEndpoint.GateCallbackProtocol object at 0x7f82ee8f8d10> created and connected to TCP port 43838, but not yet initialized with gate data
2016-11-07 03:10:06,529 - playground.twisted.endpoints.GateEndpoint - INFO - Callback protocol <playground.twisted.endpoints.GateEndpoint.GateCallbackProtocol object at 0x7f82ee8f8d10> initialized for gate 20164.1.1337.6002:1000 to 20164.1.1337.5001:13370
2016-11-07 03:10:06,530 - playground.twisted.endpoints.GateEndpoint - INFO - Setting higher layer transport <class 'playground.twisted.endpoints.GateEndpoint.GateTransport'> Transport 20164.1.1337.6002: 1000 to 20164.1.1337.5001: 13370 over <GateCallbackProtocol #0 on 9634>
2016-11-07 03:10:06,556 - root - DEBUG - Starting state machine RIP State Machine in state CLOSED
2016-11-07 03:10:06,557 - root - DEBUG - State machine RIP State Machine in state CLOSED received signal SEND_SNN (None)
2016-11-07 03:10:06,557 - root - DEBUG - State machine RIP State Machine existing current state CLOSED
2016-11-07 03:10:06,557 - root - DEBUG - State machine RIP State Machine entering state SNN-SENT
2016-11-07 03:10:06,728 - root - DEBUG - State machine RIP State Machine in state SNN-SENT received signal RECV_SNN_ACK (RIP.RIPMessage v1.0 (7f82ee84b7d0))
2016-11-07 03:10:06,729 - root - DEBUG - State machine RIP State Machine existing current state SNN-SENT
2016-11-07 03:10:06,729 - root - DEBUG - State machine RIP State Machine entering state ESTAB
2016-11-07 03:10:16,066 - playground.twisted.endpoints.GateEndpoint - INFO - GateTransport 20164.1.1337.6001: 1000 to 20164.1.1337.5001: 13370 lose connection
2016-11-07 03:10:16,074 - playground.twisted.endpoints.GateEndpoint - INFO - Gate Callback connection lost. Disconnecting higher protocol. reason=[Failure instance: Traceback (failure with no frames): <class 'twisted.internet.error.ConnectionDone'>: Connection was closed cleanly.
]
2016-11-07 03:10:29,070 - playground.twisted.endpoints.GateEndpoint.GateService - INFO - Connecting to gate 127.0.0.1 19092 with callback port 23546
2016-11-07 03:10:29,071 - playground.twisted.endpoints.GateEndpoint.GateService - INFO - Starting outbound connection to gate.
2016-11-07 03:10:29,072 - playground.twisted.endpoints.GateEndpoint.GateService - INFO - Connection to Gate established.
2016-11-07 03:10:29,072 - GateClientEndpoint.oubtound_20164.1.1337.5001_13370 - INFO - Gate connection complete.
2016-11-07 03:10:29,072 - playground.twisted.endpoints.GateEndpoint - INFO - Sending G2G outbound reservation to gate with ID 468972707 for connection to 20164.1.1337.5001:13370
2016-11-07 03:10:29,077 - playground.twisted.endpoints.GateEndpoint - INFO - Gate Callback connection made to IPv4Address(TCP, '127.0.0.1', 56050)
2016-11-07 03:10:29,078 - playground.twisted.endpoints.GateEndpoint - INFO - Callback protocol <playground.twisted.endpoints.GateEndpoint.GateCallbackProtocol object at 0x7f719bc48890> created and connected to TCP port 56050, but not yet initialized with gate data
2016-11-07 03:10:29,078 - GateClientEndpoint.oubtound_20164.1.1337.5001_13370 - INFO - Received response from gate of type Connect
2016-11-07 03:10:29,078 - GateClientEndpoint.oubtound_20164.1.1337.5001_13370 - INFO - Connection half-open from 20164.1.1337.6001 1000 to 20164.1.1337.5001 13370
2016-11-07 03:10:29,079 - GateClientEndpoint.oubtound_20164.1.1337.5001_13370 - INFO - Received response from gate of type Connect Complete
2016-11-07 03:10:29,079 - GateClientEndpoint.oubtound_20164.1.1337.5001_13370 - INFO - Completing outbound connection
2016-11-07 03:10:29,080 - playground.twisted.endpoints.GateEndpoint - INFO - Callback protocol <playground.twisted.endpoints.GateEndpoint.GateCallbackProtocol object at 0x7f719bc48890> initialized for gate 20164.1.1337.6001:1000 to 20164.1.1337.5001:13370
2016-11-07 03:10:29,080 - playground.twisted.endpoints.GateEndpoint - INFO - Setting higher layer transport <class 'playground.twisted.endpoints.GateEndpoint.GateTransport'> Transport 20164.1.1337.6001: 1000 to 20164.1.1337.5001: 13370 over <GateCallbackProtocol #0 on 23546>
2016-11-07 03:10:29,110 - root - DEBUG - Starting state machine RIP State Machine in state CLOSED
2016-11-07 03:10:29,110 - root - DEBUG - State machine RIP State Machine in state CLOSED received signal SEND_SNN (None)
2016-11-07 03:10:29,110 - root - DEBUG - State machine RIP State Machine existing current state CLOSED
2016-11-07 03:10:29,111 - root - DEBUG - State machine RIP State Machine entering state SNN-SENT
2016-11-07 03:10:35,463 - playground.twisted.endpoints.GateEndpoint - INFO - GateTransport 20164.1.1337.6002: 1000 to 20164.1.1337.5001: 13370 lose connection
2016-11-07 03:10:35,463 - playground.twisted.endpoints.GateEndpoint - INFO - Gate Callback connection lost. Disconnecting higher protocol. reason=[Failure instance: Traceback (failure with no frames): <class 'twisted.internet.error.ConnectionDone'>: Connection was closed cleanly.
]
2016-11-07 03:10:37,995 - playground.twisted.endpoints.GateEndpoint.GateService - INFO - Connecting to gate 127.0.0.1 19093 with callback port 18919
2016-11-07 03:10:37,996 - playground.twisted.endpoints.GateEndpoint.GateService - INFO - Starting outbound connection to gate.
2016-11-07 03:10:37,997 - playground.twisted.endpoints.GateEndpoint.GateService - INFO - Connection to Gate established.
2016-11-07 03:10:37,998 - GateClientEndpoint.oubtound_20164.1.1337.5001_13370 - INFO - Gate connection complete.
2016-11-07 03:10:37,998 - playground.twisted.endpoints.GateEndpoint - INFO - Sending G2G outbound reservation to gate with ID 4170164814 for connection to 20164.1.1337.5001:13370
2016-11-07 03:10:38,001 - GateClientEndpoint.oubtound_20164.1.1337.5001_13370 - INFO - Received response from gate of type Connect
2016-11-07 03:10:38,001 - GateClientEndpoint.oubtound_20164.1.1337.5001_13370 - INFO - Connection half-open from 20164.1.1337.6002 1000 to 20164.1.1337.5001 13370
2016-11-07 03:10:38,002 - GateClientEndpoint.oubtound_20164.1.1337.5001_13370 - INFO - Received response from gate of type Connect Complete
2016-11-07 03:10:38,002 - GateClientEndpoint.oubtound_20164.1.1337.5001_13370 - INFO - Completing outbound connection
2016-11-07 03:10:38,003 - playground.twisted.endpoints.GateEndpoint - INFO - Gate Callback connection made to IPv4Address(TCP, '127.0.0.1', 56540)
2016-11-07 03:10:38,003 - playground.twisted.endpoints.GateEndpoint - INFO - Callback protocol <playground.twisted.endpoints.GateEndpoint.GateCallbackProtocol object at 0x7f46c8944d10> created and connected to TCP port 56540, but not yet initialized with gate data
2016-11-07 03:10:38,253 - playground.twisted.endpoints.GateEndpoint - INFO - Callback protocol <playground.twisted.endpoints.GateEndpoint.GateCallbackProtocol object at 0x7f46c8944d10> initialized for gate 20164.1.1337.6002:1000 to 20164.1.1337.5001:13370
2016-11-07 03:10:38,254 - playground.twisted.endpoints.GateEndpoint - INFO - Setting higher layer transport <class 'playground.twisted.endpoints.GateEndpoint.GateTransport'> Transport 20164.1.1337.6002: 1000 to 20164.1.1337.5001: 13370 over <GateCallbackProtocol #0 on 18919>
2016-11-07 03:10:38,266 - root - DEBUG - Starting state machine RIP State Machine in state CLOSED
2016-11-07 03:10:38,266 - root - DEBUG - State machine RIP State Machine in state CLOSED received signal SEND_SNN (None)
2016-11-07 03:10:38,266 - root - DEBUG - State machine RIP State Machine existing current state CLOSED
2016-11-07 03:10:38,266 - root - DEBUG - State machine RIP State Machine entering state SNN-SENT
2016-11-07 03:10:40,921 - playground.twisted.endpoints.GateEndpoint - INFO - Gate Callback connection lost. Disconnecting higher protocol. reason=[Failure instance: Traceback (failure with no frames): <class 'twisted.internet.error.ConnectionLost'>: Connection to the other side was lost in a non-clean fashion: Connection lost.
]
2016-11-07 03:10:41,621 - playground.twisted.endpoints.GateEndpoint - INFO - Gate Callback connection lost. Disconnecting higher protocol. reason=[Failure instance: Traceback (failure with no frames): <class 'twisted.internet.error.ConnectionLost'>: Connection to the other side was lost in a non-clean fashion: Connection lost.
]
2016-11-07 03:10:42,922 - playground.twisted.endpoints.GateEndpoint.GateService - INFO - Connecting to gate 127.0.0.1 19092 with callback port 17588
2016-11-07 03:10:42,923 - playground.twisted.endpoints.GateEndpoint.GateService - INFO - Starting outbound connection to gate.
2016-11-07 03:10:42,924 - playground.twisted.endpoints.GateEndpoint.GateService - INFO - Connection to Gate established.
2016-11-07 03:10:42,925 - GateClientEndpoint.oubtound_20164.1.1337.5001_13370 - INFO - Gate connection complete.
2016-11-07 03:10:42,925 - playground.twisted.endpoints.GateEndpoint - INFO - Sending G2G outbound reservation to gate with ID 533349127 for connection to 20164.1.1337.5001:13370
2016-11-07 03:10:42,928 - GateClientEndpoint.oubtound_20164.1.1337.5001_13370 - INFO - Received response from gate of type Connect
2016-11-07 03:10:42,928 - GateClientEndpoint.oubtound_20164.1.1337.5001_13370 - INFO - Connection half-open from 20164.1.1337.6001 1000 to 20164.1.1337.5001 13370
2016-11-07 03:10:42,929 - GateClientEndpoint.oubtound_20164.1.1337.5001_13370 - INFO - Received response from gate of type Connect Complete
2016-11-07 03:10:42,929 - GateClientEndpoint.oubtound_20164.1.1337.5001_13370 - INFO - Completing outbound connection
2016-11-07 03:10:42,930 - playground.twisted.endpoints.GateEndpoint - INFO - Gate Callback connection made to IPv4Address(TCP, '127.0.0.1', 34780)
2016-11-07 03:10:42,930 - playground.twisted.endpoints.GateEndpoint - INFO - Callback protocol <playground.twisted.endpoints.GateEndpoint.GateCallbackProtocol object at 0x7f0231f44d10> created and connected to TCP port 34780, but not yet initialized with gate data
2016-11-07 03:10:43,180 - playground.twisted.endpoints.GateEndpoint - INFO - Callback protocol <playground.twisted.endpoints.GateEndpoint.GateCallbackProtocol object at 0x7f0231f44d10> initialized for gate 20164.1.1337.6001:1000 to 20164.1.1337.5001:13370
2016-11-07 03:10:43,180 - playground.twisted.endpoints.GateEndpoint - INFO - Setting higher layer transport <class 'playground.twisted.endpoints.GateEndpoint.GateTransport'> Transport 20164.1.1337.6001: 1000 to 20164.1.1337.5001: 13370 over <GateCallbackProtocol #0 on 17588>
2016-11-07 03:10:43,192 - root - DEBUG - Starting state machine RIP State Machine in state CLOSED
2016-11-07 03:10:43,192 - root - DEBUG - State machine RIP State Machine in state CLOSED received signal SEND_SNN (None)
2016-11-07 03:10:43,192 - root - DEBUG - State machine RIP State Machine existing current state CLOSED
2016-11-07 03:10:43,193 - root - DEBUG - State machine RIP State Machine entering state SNN-SENT
2016-11-07 03:10:43,601 - playground.twisted.endpoints.GateEndpoint - INFO - Gate Callback connection lost. Disconnecting higher protocol. reason=[Failure instance: Traceback (failure with no frames): <class 'twisted.internet.error.ConnectionLost'>: Connection to the other side was lost in a non-clean fashion: Connection lost.
]
2016-11-07 03:31:24,983 - playground.twisted.endpoints.GateEndpoint.GateService - INFO - Connecting to gate 127.0.0.1 19092 with callback port 11747
2016-11-07 03:31:24,984 - playground.twisted.endpoints.GateEndpoint.GateService - INFO - Starting outbound connection to gate.
2016-11-07 03:31:24,985 - playground.twisted.endpoints.GateEndpoint.GateService - INFO - Connection to Gate established.
2016-11-07 03:31:24,985 - GateClientEndpoint.oubtound_20164.1.1337.5001_13370 - INFO - Gate connection complete.
2016-11-07 03:31:24,986 - playground.twisted.endpoints.GateEndpoint - INFO - Sending G2G outbound reservation to gate with ID 3415621895 for connection to 20164.1.1337.5001:13370
2016-11-07 03:31:24,988 - GateClientEndpoint.oubtound_20164.1.1337.5001_13370 - INFO - Received response from gate of type Connect
2016-11-07 03:31:24,988 - GateClientEndpoint.oubtound_20164.1.1337.5001_13370 - INFO - Connection half-open from 20164.1.1337.6001 1000 to 20164.1.1337.5001 13370
2016-11-07 03:31:24,989 - GateClientEndpoint.oubtound_20164.1.1337.5001_13370 - INFO - Received response from gate of type Connect Complete
2016-11-07 03:31:24,989 - GateClientEndpoint.oubtound_20164.1.1337.5001_13370 - INFO - Completing outbound connection
2016-11-07 03:31:24,990 - playground.twisted.endpoints.GateEndpoint - INFO - Gate Callback connection made to IPv4Address(TCP, '127.0.0.1', 43118)
2016-11-07 03:31:24,990 - playground.twisted.endpoints.GateEndpoint - INFO - Callback protocol <playground.twisted.endpoints.GateEndpoint.GateCallbackProtocol object at 0x7f1b3d459cd0> created and connected to TCP port 43118, but not yet initialized with gate data
2016-11-07 03:31:25,240 - playground.twisted.endpoints.GateEndpoint - INFO - Callback protocol <playground.twisted.endpoints.GateEndpoint.GateCallbackProtocol object at 0x7f1b3d459cd0> initialized for gate 20164.1.1337.6001:1000 to 20164.1.1337.5001:13370
2016-11-07 03:31:25,240 - playground.twisted.endpoints.GateEndpoint - INFO - Setting higher layer transport <class 'playground.twisted.endpoints.GateEndpoint.GateTransport'> Transport 20164.1.1337.6001: 1000 to 20164.1.1337.5001: 13370 over <GateCallbackProtocol #0 on 11747>
2016-11-07 03:31:25,251 - root - DEBUG - Starting state machine RIP State Machine in state CLOSED
2016-11-07 03:31:25,252 - root - DEBUG - State machine RIP State Machine in state CLOSED received signal SEND_SNN (None)
2016-11-07 03:31:25,252 - root - DEBUG - State machine RIP State Machine existing current state CLOSED
2016-11-07 03:31:25,252 - root - DEBUG - State machine RIP State Machine entering state SNN-SENT
2016-11-07 03:31:25,357 - root - DEBUG - State machine RIP State Machine in state SNN-SENT received signal RECV_SNN_ACK (RIP.RIPMessage v1.0 (7f1b3d3ab6d0))
2016-11-07 03:31:25,358 - root - DEBUG - State machine RIP State Machine existing current state SNN-SENT
2016-11-07 03:31:25,358 - root - DEBUG - State machine RIP State Machine entering state ESTAB
2016-11-07 03:31:30,374 - playground.twisted.endpoints.GateEndpoint - INFO - GateTransport 20164.1.1337.6001: 1000 to 20164.1.1337.5001: 13370 lose connection
2016-11-07 03:31:30,377 - playground.twisted.endpoints.GateEndpoint - INFO - Gate Callback connection lost. Disconnecting higher protocol. reason=[Failure instance: Traceback (failure with no frames): <class 'twisted.internet.error.ConnectionDone'>: Connection was closed cleanly.
]
2016-11-07 03:31:34,137 - playground.twisted.endpoints.GateEndpoint.GateService - INFO - Connecting to gate 127.0.0.1 19092 with callback port 15661
2016-11-07 03:31:34,138 - playground.twisted.endpoints.GateEndpoint.GateService - INFO - Starting outbound connection to gate.
2016-11-07 03:31:34,139 - playground.twisted.endpoints.GateEndpoint.GateService - INFO - Connection to Gate established.
2016-11-07 03:31:34,139 - GateClientEndpoint.oubtound_20164.1.1337.5001_13370 - INFO - Gate connection complete.
2016-11-07 03:31:34,140 - playground.twisted.endpoints.GateEndpoint - INFO - Sending G2G outbound reservation to gate with ID 3616943745 for connection to 20164.1.1337.5001:13370
2016-11-07 03:31:34,142 - GateClientEndpoint.oubtound_20164.1.1337.5001_13370 - INFO - Received response from gate of type Connect
2016-11-07 03:31:34,142 - GateClientEndpoint.oubtound_20164.1.1337.5001_13370 - INFO - Connection half-open from 20164.1.1337.6001 1000 to 20164.1.1337.5001 13370
2016-11-07 03:31:34,143 - GateClientEndpoint.oubtound_20164.1.1337.5001_13370 - INFO - Received response from gate of type Connect Complete
2016-11-07 03:31:34,143 - GateClientEndpoint.oubtound_20164.1.1337.5001_13370 - INFO - Completing outbound connection
2016-11-07 03:31:34,166 - playground.twisted.endpoints.GateEndpoint - INFO - Gate Callback connection made to IPv4Address(TCP, '127.0.0.1', 59464)
2016-11-07 03:31:34,167 - playground.twisted.endpoints.GateEndpoint - INFO - Callback protocol <playground.twisted.endpoints.GateEndpoint.GateCallbackProtocol object at 0x7ff6b2625cd0> created and connected to TCP port 59464, but not yet initialized with gate data
2016-11-07 03:31:34,393 - playground.twisted.endpoints.GateEndpoint - INFO - Callback protocol <playground.twisted.endpoints.GateEndpoint.GateCallbackProtocol object at 0x7ff6b2625cd0> initialized for gate 20164.1.1337.6001:1000 to 20164.1.1337.5001:13370
2016-11-07 03:31:34,394 - playground.twisted.endpoints.GateEndpoint - INFO - Setting higher layer transport <class 'playground.twisted.endpoints.GateEndpoint.GateTransport'> Transport 20164.1.1337.6001: 1000 to 20164.1.1337.5001: 13370 over <GateCallbackProtocol #0 on 15661>
2016-11-07 03:31:34,407 - root - DEBUG - Starting state machine RIP State Machine in state CLOSED
2016-11-07 03:31:34,410 - root - DEBUG - State machine RIP State Machine in state CLOSED received signal SEND_SNN (None)
2016-11-07 03:31:34,410 - root - DEBUG - State machine RIP State Machine existing current state CLOSED
2016-11-07 03:31:34,410 - root - DEBUG - State machine RIP State Machine entering state SNN-SENT
2016-11-07 03:31:36,125 - playground.twisted.endpoints.GateEndpoint - INFO - Gate Callback connection lost. Disconnecting higher protocol. reason=[Failure instance: Traceback (failure with no frames): <class 'twisted.internet.error.ConnectionLost'>: Connection to the other side was lost in a non-clean fashion: Connection lost.
]
2016-11-07 03:32:54,574 - playground.twisted.endpoints.GateEndpoint.GateService - INFO - Connecting to gate 127.0.0.1 19092 with callback port 11828
2016-11-07 03:32:54,574 - playground.twisted.endpoints.GateEndpoint.GateService - INFO - Starting outbound connection to gate.
2016-11-07 03:32:54,575 - playground.twisted.endpoints.GateEndpoint.GateService - INFO - Connection to Gate established.
2016-11-07 03:32:54,576 - GateClientEndpoint.oubtound_20164.1.1337.5001_13370 - INFO - Gate connection complete.
2016-11-07 03:32:54,576 - playground.twisted.endpoints.GateEndpoint - INFO - Sending G2G outbound reservation to gate with ID 2714321385 for connection to 20164.1.1337.5001:13370
2016-11-07 03:32:54,578 - playground.twisted.endpoints.GateEndpoint - INFO - Gate Callback connection made to IPv4Address(TCP, '127.0.0.1', 48012)
2016-11-07 03:32:54,578 - playground.twisted.endpoints.GateEndpoint - INFO - Callback protocol <playground.twisted.endpoints.GateEndpoint.GateCallbackProtocol object at 0x7f7ab70ad850> created and connected to TCP port 48012, but not yet initialized with gate data
2016-11-07 03:32:54,579 - GateClientEndpoint.oubtound_20164.1.1337.5001_13370 - INFO - Received response from gate of type Connect
2016-11-07 03:32:54,579 - GateClientEndpoint.oubtound_20164.1.1337.5001_13370 - INFO - Connection half-open from 20164.1.1337.6001 1000 to 20164.1.1337.5001 13370
2016-11-07 03:32:54,579 - GateClientEndpoint.oubtound_20164.1.1337.5001_13370 - INFO - Received response from gate of type Connect Complete
2016-11-07 03:32:54,580 - GateClientEndpoint.oubtound_20164.1.1337.5001_13370 - INFO - Completing outbound connection
2016-11-07 03:32:54,580 - playground.twisted.endpoints.GateEndpoint - INFO - Callback protocol <playground.twisted.endpoints.GateEndpoint.GateCallbackProtocol object at 0x7f7ab70ad850> initialized for gate 20164.1.1337.6001:1000 to 20164.1.1337.5001:13370
2016-11-07 03:32:54,580 - playground.twisted.endpoints.GateEndpoint - INFO - Setting higher layer transport <class 'playground.twisted.endpoints.GateEndpoint.GateTransport'> Transport 20164.1.1337.6001: 1000 to 20164.1.1337.5001: 13370 over <GateCallbackProtocol #0 on 11828>
2016-11-07 03:32:54,597 - root - DEBUG - Starting state machine RIP State Machine in state CLOSED
2016-11-07 03:32:54,597 - root - DEBUG - State machine RIP State Machine in state CLOSED received signal SEND_SNN (None)
2016-11-07 03:32:54,597 - root - DEBUG - State machine RIP State Machine existing current state CLOSED
2016-11-07 03:32:54,598 - root - DEBUG - State machine RIP State Machine entering state SNN-SENT
2016-11-07 03:32:54,740 - root - DEBUG - State machine RIP State Machine in state SNN-SENT received signal RECV_SNN_ACK (RIP.RIPMessage v1.0 (7f7ab70008d0))
2016-11-07 03:32:54,741 - root - DEBUG - State machine RIP State Machine existing current state SNN-SENT
2016-11-07 03:32:54,741 - root - DEBUG - State machine RIP State Machine entering state ESTAB
2016-11-07 03:33:03,316 - playground.twisted.endpoints.GateEndpoint - INFO - GateTransport 20164.1.1337.6001: 1000 to 20164.1.1337.5001: 13370 lose connection
2016-11-07 03:33:03,326 - playground.twisted.endpoints.GateEndpoint - INFO - GateTransport 20164.1.1337.6001: 1000 to 20164.1.1337.5001: 13370 lose connection
2016-11-07 03:33:03,326 - playground.twisted.endpoints.GateEndpoint - INFO - Gate Callback connection lost. Disconnecting higher protocol. reason=[Failure instance: Traceback (failure with no frames): <class 'twisted.internet.error.ConnectionDone'>: Connection was closed cleanly.
]
2016-11-07 03:33:18,726 - playground.twisted.endpoints.GateEndpoint.GateService - INFO - Connecting to gate 127.0.0.1 19092 with callback port 14098
2016-11-07 03:33:18,727 - playground.twisted.endpoints.GateEndpoint.GateService - INFO - Starting outbound connection to gate.
2016-11-07 03:33:18,728 - playground.twisted.endpoints.GateEndpoint.GateService - INFO - Connection to Gate established.
2016-11-07 03:33:18,728 - GateClientEndpoint.oubtound_20164.1.1337.5001_13370 - INFO - Gate connection complete.
2016-11-07 03:33:18,729 - playground.twisted.endpoints.GateEndpoint - INFO - Sending G2G outbound reservation to gate with ID 3024274548 for connection to 20164.1.1337.5001:13370
2016-11-07 03:33:18,731 - GateClientEndpoint.oubtound_20164.1.1337.5001_13370 - INFO - Received response from gate of type Connect
2016-11-07 03:33:18,731 - GateClientEndpoint.oubtound_20164.1.1337.5001_13370 - INFO - Connection half-open from 20164.1.1337.6001 1000 to 20164.1.1337.5001 13370
2016-11-07 03:33:18,732 - GateClientEndpoint.oubtound_20164.1.1337.5001_13370 - INFO - Received response from gate of type Connect Complete
2016-11-07 03:33:18,732 - GateClientEndpoint.oubtound_20164.1.1337.5001_13370 - INFO - Completing outbound connection
2016-11-07 03:33:18,733 - playground.twisted.endpoints.GateEndpoint - INFO - Gate Callback connection made to IPv4Address(TCP, '127.0.0.1', 43380)
2016-11-07 03:33:18,733 - playground.twisted.endpoints.GateEndpoint - INFO - Callback protocol <playground.twisted.endpoints.GateEndpoint.GateCallbackProtocol object at 0x7f0f7e445cd0> created and connected to TCP port 43380, but not yet initialized with gate data
2016-11-07 03:33:18,983 - playground.twisted.endpoints.GateEndpoint - INFO - Callback protocol <playground.twisted.endpoints.GateEndpoint.GateCallbackProtocol object at 0x7f0f7e445cd0> initialized for gate 20164.1.1337.6001:1000 to 20164.1.1337.5001:13370
2016-11-07 03:33:18,983 - playground.twisted.endpoints.GateEndpoint - INFO - Setting higher layer transport <class 'playground.twisted.endpoints.GateEndpoint.GateTransport'> Transport 20164.1.1337.6001: 1000 to 20164.1.1337.5001: 13370 over <GateCallbackProtocol #0 on 14098>
2016-11-07 03:33:18,996 - root - DEBUG - Starting state machine RIP State Machine in state CLOSED
2016-11-07 03:33:18,996 - root - DEBUG - State machine RIP State Machine in state CLOSED received signal SEND_SNN (None)
2016-11-07 03:33:18,996 - root - DEBUG - State machine RIP State Machine existing current state CLOSED
2016-11-07 03:33:18,996 - root - DEBUG - State machine RIP State Machine entering state SNN-SENT
2016-11-07 03:33:20,574 - playground.twisted.endpoints.GateEndpoint - INFO - Gate Callback connection lost. Disconnecting higher protocol. reason=[Failure instance: Traceback (failure with no frames): <class 'twisted.internet.error.ConnectionLost'>: Connection to the other side was lost in a non-clean fashion: Connection lost.
]
2016-11-07 03:33:55,589 - playground.twisted.endpoints.GateEndpoint.GateService - INFO - Connecting to gate 127.0.0.1 19092 with callback port 31457
2016-11-07 03:33:55,591 - playground.twisted.endpoints.GateEndpoint.GateService - INFO - Starting outbound connection to gate.
2016-11-07 03:33:55,593 - playground.twisted.endpoints.GateEndpoint.GateService - INFO - Connection to Gate established.
2016-11-07 03:33:55,593 - GateClientEndpoint.oubtound_20164.1.1337.5001_13370 - INFO - Gate connection complete.
2016-11-07 03:33:55,593 - playground.twisted.endpoints.GateEndpoint - INFO - Sending G2G outbound reservation to gate with ID 3647088551 for connection to 20164.1.1337.5001:13370
2016-11-07 03:33:55,597 - playground.twisted.endpoints.GateEndpoint - INFO - Gate Callback connection made to IPv4Address(TCP, '127.0.0.1', 60492)
2016-11-07 03:33:55,597 - playground.twisted.endpoints.GateEndpoint - INFO - Callback protocol <playground.twisted.endpoints.GateEndpoint.GateCallbackProtocol object at 0x7ff87981a850> created and connected to TCP port 60492, but not yet initialized with gate data
2016-11-07 03:33:55,598 - GateClientEndpoint.oubtound_20164.1.1337.5001_13370 - INFO - Received response from gate of type Connect
2016-11-07 03:33:55,598 - GateClientEndpoint.oubtound_20164.1.1337.5001_13370 - INFO - Connection half-open from 20164.1.1337.6001 1000 to 20164.1.1337.5001 13370
2016-11-07 03:33:55,599 - GateClientEndpoint.oubtound_20164.1.1337.5001_13370 - INFO - Received response from gate of type Connect Complete
2016-11-07 03:33:55,600 - GateClientEndpoint.oubtound_20164.1.1337.5001_13370 - INFO - Completing outbound connection
2016-11-07 03:33:55,601 - playground.twisted.endpoints.GateEndpoint - INFO - Callback protocol <playground.twisted.endpoints.GateEndpoint.GateCallbackProtocol object at 0x7ff87981a850> initialized for gate 20164.1.1337.6001:1000 to 20164.1.1337.5001:13370
2016-11-07 03:33:55,601 - playground.twisted.endpoints.GateEndpoint - INFO - Setting higher layer transport <class 'playground.twisted.endpoints.GateEndpoint.GateTransport'> Transport 20164.1.1337.6001: 1000 to 20164.1.1337.5001: 13370 over <GateCallbackProtocol #0 on 31457>
2016-11-07 03:33:55,623 - root - DEBUG - Starting state machine RIP State Machine in state CLOSED
2016-11-07 03:33:55,623 - root - DEBUG - State machine RIP State Machine in state CLOSED received signal SEND_SNN (None)
2016-11-07 03:33:55,624 - root - DEBUG - State machine RIP State Machine existing current state CLOSED
2016-11-07 03:33:55,624 - root - DEBUG - State machine RIP State Machine entering state SNN-SENT
2016-11-07 03:33:55,774 - root - DEBUG - State machine RIP State Machine in state SNN-SENT received signal RECV_SNN_ACK (RIP.RIPMessage v1.0 (7ff87976dbd0))
2016-11-07 03:33:55,774 - root - DEBUG - State machine RIP State Machine existing current state SNN-SENT
2016-11-07 03:33:55,774 - root - DEBUG - State machine RIP State Machine entering state ESTAB
2016-11-07 03:33:59,421 - playground.twisted.endpoints.GateEndpoint - INFO - GateTransport 20164.1.1337.6001: 1000 to 20164.1.1337.5001: 13370 lose connection
2016-11-07 03:33:59,422 - playground.twisted.endpoints.GateEndpoint - INFO - GateTransport 20164.1.1337.6001: 1000 to 20164.1.1337.5001: 13370 lose connection
2016-11-07 03:33:59,423 - playground.twisted.endpoints.GateEndpoint - INFO - Gate Callback connection lost. Disconnecting higher protocol. reason=[Failure instance: Traceback (failure with no frames): <class 'twisted.internet.error.ConnectionDone'>: Connection was closed cleanly.
]
2016-11-07 03:34:03,466 - playground.twisted.endpoints.GateEndpoint.GateService - INFO - Connecting to gate 127.0.0.1 19092 with callback port 23424
2016-11-07 03:34:03,467 - playground.twisted.endpoints.GateEndpoint.GateService - INFO - Starting outbound connection to gate.
2016-11-07 03:34:03,468 - playground.twisted.endpoints.GateEndpoint.GateService - INFO - Connection to Gate established.
2016-11-07 03:34:03,468 - GateClientEndpoint.oubtound_20164.1.1337.5001_13370 - INFO - Gate connection complete.
2016-11-07 03:34:03,468 - playground.twisted.endpoints.GateEndpoint - INFO - Sending G2G outbound reservation to gate with ID 3667153726 for connection to 20164.1.1337.5001:13370
2016-11-07 03:34:03,471 - playground.twisted.endpoints.GateEndpoint - INFO - Gate Callback connection made to IPv4Address(TCP, '127.0.0.1', 35044)
2016-11-07 03:34:03,471 - playground.twisted.endpoints.GateEndpoint - INFO - Callback protocol <playground.twisted.endpoints.GateEndpoint.GateCallbackProtocol object at 0x7f5e256a9850> created and connected to TCP port 35044, but not yet initialized with gate data
2016-11-07 03:34:03,471 - GateClientEndpoint.oubtound_20164.1.1337.5001_13370 - INFO - Received response from gate of type Connect
2016-11-07 03:34:03,471 - GateClientEndpoint.oubtound_20164.1.1337.5001_13370 - INFO - Connection half-open from 20164.1.1337.6001 1000 to 20164.1.1337.5001 13370
2016-11-07 03:34:03,472 - GateClientEndpoint.oubtound_20164.1.1337.5001_13370 - INFO - Received response from gate of type Connect Complete
2016-11-07 03:34:03,472 - GateClientEndpoint.oubtound_20164.1.1337.5001_13370 - INFO - Completing outbound connection
2016-11-07 03:34:03,473 - playground.twisted.endpoints.GateEndpoint - INFO - Callback protocol <playground.twisted.endpoints.GateEndpoint.GateCallbackProtocol object at 0x7f5e256a9850> initialized for gate 20164.1.1337.6001:1000 to 20164.1.1337.5001:13370
2016-11-07 03:34:03,473 - playground.twisted.endpoints.GateEndpoint - INFO - Setting higher layer transport <class 'playground.twisted.endpoints.GateEndpoint.GateTransport'> Transport 20164.1.1337.6001: 1000 to 20164.1.1337.5001: 13370 over <GateCallbackProtocol #0 on 23424>
2016-11-07 03:34:03,490 - root - DEBUG - Starting state machine RIP State Machine in state CLOSED
2016-11-07 03:34:03,491 - root - DEBUG - State machine RIP State Machine in state CLOSED received signal SEND_SNN (None)
2016-11-07 03:34:03,491 - root - DEBUG - State machine RIP State Machine existing current state CLOSED
2016-11-07 03:34:03,491 - root - DEBUG - State machine RIP State Machine entering state SNN-SENT
2016-11-07 03:34:05,235 - playground.twisted.endpoints.GateEndpoint - INFO - Gate Callback connection lost. Disconnecting higher protocol. reason=[Failure instance: Traceback (failure with no frames): <class 'twisted.internet.error.ConnectionLost'>: Connection to the other side was lost in a non-clean fashion: Connection lost.
]
