2016-11-07 02:55:01,723 - playground.twisted.endpoints.GateEndpoint.GateService - INFO - Connecting to gate 127.0.0.1 19091 with callback port 14627
2016-11-07 02:55:01,725 - playground.twisted.endpoints.GateEndpoint.GateService - INFO - Starting outbound connection to gate.
2016-11-07 02:55:01,726 - playground.twisted.endpoints.GateEndpoint.GateService - INFO - Connection to Gate established.
2016-11-07 02:55:01,726 - GateServerEndpoint.listener_13370 - INFO - Gate connection complete.
2016-11-07 02:55:01,726 - playground.twisted.endpoints.GateEndpoint - INFO - Sending G2G port reservation to gate with ID 2980512744 for srcPort 13370
2016-11-07 02:55:01,728 - GateServerEndpoint.listener_13370 - INFO - Received response from gate of type Reservation
2016-11-07 02:55:01,728 - GateServerEndpoint.listener_13370 - INFO - Now listening on 20164.1.1337.5001:13370
2016-11-07 02:55:04,591 - playground.twisted.endpoints.GateEndpoint - INFO - Gate Callback connection made to IPv4Address(TCP, '127.0.0.1', 34966)
2016-11-07 02:55:04,591 - playground.twisted.endpoints.GateEndpoint - INFO - Callback protocol <playground.twisted.endpoints.GateEndpoint.GateCallbackProtocol object at 0x7f9505e6b710> created and connected to TCP port 34966, but not yet initialized with gate data
2016-11-07 02:55:04,591 - GateServerEndpoint.listener_13370 - INFO - Received response from gate of type Spawn
2016-11-07 02:55:04,592 - GateServerEndpoint.listener_13370 - INFO - Spawn connection from 20164.1.1337.6001 1000
2016-11-07 02:55:04,592 - playground.twisted.endpoints.GateEndpoint - INFO - Callback protocol <playground.twisted.endpoints.GateEndpoint.GateCallbackProtocol object at 0x7f9505e6b710> initialized for gate 20164.1.1337.5001:13370 to 20164.1.1337.6001:1000
2016-11-07 02:55:04,592 - playground.twisted.endpoints.GateEndpoint - INFO - Setting higher layer transport <class 'playground.twisted.endpoints.GateEndpoint.GateTransport'> Transport 20164.1.1337.5001: 13370 to 20164.1.1337.6001: 1000 over <GateCallbackProtocol #0 on 14627>
2016-11-07 02:55:04,608 - root - DEBUG - Starting state machine RIP State Machine in state LISTEN
2016-11-07 02:55:04,645 - root - DEBUG - State machine RIP State Machine in state LISTEN received signal RECV_SNN (RIP.RIPMessage v1.0 (7f9505e6bbd0))
2016-11-07 02:55:04,645 - root - DEBUG - State machine RIP State Machine existing current state LISTEN
2016-11-07 02:55:04,645 - root - DEBUG - State machine RIP State Machine entering state SNN-RECV
2016-11-07 02:55:04,747 - root - DEBUG - State machine RIP State Machine in state SNN-RECV received signal ACK_RCVD (RIP.RIPMessage v1.0 (7f9505e6bad0))
2016-11-07 02:55:04,748 - root - DEBUG - State machine RIP State Machine existing current state SNN-RECV
2016-11-07 02:55:04,748 - root - DEBUG - State machine RIP State Machine entering state ESTAB
2016-11-07 02:55:34,167 - playground.twisted.endpoints.GateEndpoint - INFO - Gate Callback connection lost. Disconnecting higher protocol. reason=[Failure instance: Traceback (failure with no frames): <class 'twisted.internet.error.ConnectionLost'>: Connection to the other side was lost in a non-clean fashion: Connection lost.
]
2016-11-07 02:59:15,984 - playground.twisted.endpoints.GateEndpoint.GateService - INFO - Connecting to gate 127.0.0.1 19091 with callback port 29191
2016-11-07 02:59:15,984 - playground.twisted.endpoints.GateEndpoint.GateService - INFO - Starting outbound connection to gate.
2016-11-07 02:59:15,986 - playground.twisted.endpoints.GateEndpoint.GateService - INFO - Connection to Gate established.
2016-11-07 02:59:15,986 - GateServerEndpoint.listener_13370 - INFO - Gate connection complete.
2016-11-07 02:59:15,986 - playground.twisted.endpoints.GateEndpoint - INFO - Sending G2G port reservation to gate with ID 3840349221 for srcPort 13370
2016-11-07 02:59:15,987 - GateServerEndpoint.listener_13370 - INFO - Received response from gate of type Reservation
2016-11-07 02:59:15,987 - GateServerEndpoint.listener_13370 - INFO - Now listening on 20164.1.1337.5001:13370
2016-11-07 02:59:17,841 - playground.twisted.endpoints.GateEndpoint - INFO - Gate Callback connection made to IPv4Address(TCP, '127.0.0.1', 48810)
2016-11-07 02:59:17,841 - playground.twisted.endpoints.GateEndpoint - INFO - Callback protocol <playground.twisted.endpoints.GateEndpoint.GateCallbackProtocol object at 0x7fc861460710> created and connected to TCP port 48810, but not yet initialized with gate data
2016-11-07 02:59:17,842 - GateServerEndpoint.listener_13370 - INFO - Received response from gate of type Spawn
2016-11-07 02:59:17,843 - GateServerEndpoint.listener_13370 - INFO - Spawn connection from 20164.1.1337.6001 1000
2016-11-07 02:59:17,843 - playground.twisted.endpoints.GateEndpoint - INFO - Callback protocol <playground.twisted.endpoints.GateEndpoint.GateCallbackProtocol object at 0x7fc861460710> initialized for gate 20164.1.1337.5001:13370 to 20164.1.1337.6001:1000
2016-11-07 02:59:17,843 - playground.twisted.endpoints.GateEndpoint - INFO - Setting higher layer transport <class 'playground.twisted.endpoints.GateEndpoint.GateTransport'> Transport 20164.1.1337.5001: 13370 to 20164.1.1337.6001: 1000 over <GateCallbackProtocol #0 on 29191>
2016-11-07 02:59:17,889 - root - DEBUG - Starting state machine RIP State Machine in state LISTEN
2016-11-07 02:59:17,926 - root - DEBUG - State machine RIP State Machine in state LISTEN received signal RECV_SNN (RIP.RIPMessage v1.0 (7fc861460bd0))
2016-11-07 02:59:17,926 - root - DEBUG - State machine RIP State Machine existing current state LISTEN
2016-11-07 02:59:17,926 - root - DEBUG - State machine RIP State Machine entering state SNN-RECV
2016-11-07 02:59:18,038 - root - DEBUG - State machine RIP State Machine in state SNN-RECV received signal ACK_RCVD (RIP.RIPMessage v1.0 (7fc861460ad0))
2016-11-07 02:59:18,039 - root - DEBUG - State machine RIP State Machine existing current state SNN-RECV
2016-11-07 02:59:18,039 - root - DEBUG - State machine RIP State Machine entering state ESTAB
2016-11-07 03:00:09,077 - playground.twisted.endpoints.GateEndpoint - INFO - Gate Callback connection lost. Disconnecting higher protocol. reason=[Failure instance: Traceback (failure with no frames): <class 'twisted.internet.error.ConnectionLost'>: Connection to the other side was lost in a non-clean fashion: Connection lost.
]
2016-11-07 03:00:10,039 - playground.twisted.endpoints.GateEndpoint.GateService - INFO - Connecting to gate 127.0.0.1 19091 with callback port 18156
2016-11-07 03:00:10,040 - playground.twisted.endpoints.GateEndpoint.GateService - INFO - Starting outbound connection to gate.
2016-11-07 03:00:10,041 - playground.twisted.endpoints.GateEndpoint.GateService - INFO - Connection to Gate established.
2016-11-07 03:00:10,041 - GateServerEndpoint.listener_13370 - INFO - Gate connection complete.
2016-11-07 03:00:10,041 - playground.twisted.endpoints.GateEndpoint - INFO - Sending G2G port reservation to gate with ID 1835336781 for srcPort 13370
2016-11-07 03:00:10,043 - GateServerEndpoint.listener_13370 - INFO - Received response from gate of type Reservation
2016-11-07 03:00:10,043 - GateServerEndpoint.listener_13370 - INFO - Now listening on 20164.1.1337.5001:13370
2016-11-07 03:00:11,752 - playground.twisted.endpoints.GateEndpoint - INFO - Gate Callback connection made to IPv4Address(TCP, '127.0.0.1', 55440)
2016-11-07 03:00:11,752 - playground.twisted.endpoints.GateEndpoint - INFO - Callback protocol <playground.twisted.endpoints.GateEndpoint.GateCallbackProtocol object at 0x7f20fa418710> created and connected to TCP port 55440, but not yet initialized with gate data
2016-11-07 03:00:11,753 - GateServerEndpoint.listener_13370 - INFO - Received response from gate of type Spawn
2016-11-07 03:00:11,754 - GateServerEndpoint.listener_13370 - INFO - Spawn connection from 20164.1.1337.6001 1000
2016-11-07 03:00:11,754 - playground.twisted.endpoints.GateEndpoint - INFO - Callback protocol <playground.twisted.endpoints.GateEndpoint.GateCallbackProtocol object at 0x7f20fa418710> initialized for gate 20164.1.1337.5001:13370 to 20164.1.1337.6001:1000
2016-11-07 03:00:11,754 - playground.twisted.endpoints.GateEndpoint - INFO - Setting higher layer transport <class 'playground.twisted.endpoints.GateEndpoint.GateTransport'> Transport 20164.1.1337.5001: 13370 to 20164.1.1337.6001: 1000 over <GateCallbackProtocol #0 on 18156>
2016-11-07 03:00:11,779 - root - DEBUG - Starting state machine RIP State Machine in state LISTEN
2016-11-07 03:00:11,803 - root - DEBUG - State machine RIP State Machine in state LISTEN received signal RECV_SNN (RIP.RIPMessage v1.0 (7f20fa418bd0))
2016-11-07 03:00:11,803 - root - DEBUG - State machine RIP State Machine existing current state LISTEN
2016-11-07 03:00:11,803 - root - DEBUG - State machine RIP State Machine entering state SNN-RECV
2016-11-07 03:00:11,924 - root - DEBUG - State machine RIP State Machine in state SNN-RECV received signal ACK_RCVD (RIP.RIPMessage v1.0 (7f20fa418ad0))
2016-11-07 03:00:11,925 - root - DEBUG - State machine RIP State Machine existing current state SNN-RECV
2016-11-07 03:00:11,929 - root - DEBUG - State machine RIP State Machine entering state ESTAB
2016-11-07 03:00:26,878 - playground.twisted.endpoints.GateEndpoint - INFO - Gate Callback connection lost. Disconnecting higher protocol. reason=[Failure instance: Traceback (failure with no frames): <class 'twisted.internet.error.ConnectionLost'>: Connection to the other side was lost in a non-clean fashion: Connection lost.
]
2016-11-07 03:01:59,537 - playground.twisted.endpoints.GateEndpoint.GateService - INFO - Connecting to gate 127.0.0.1 19091 with callback port 29305
2016-11-07 03:01:59,537 - playground.twisted.endpoints.GateEndpoint.GateService - INFO - Starting outbound connection to gate.
2016-11-07 03:01:59,538 - playground.twisted.endpoints.GateEndpoint.GateService - INFO - Connection to Gate established.
2016-11-07 03:01:59,539 - GateServerEndpoint.listener_13370 - INFO - Gate connection complete.
2016-11-07 03:01:59,539 - playground.twisted.endpoints.GateEndpoint - INFO - Sending G2G port reservation to gate with ID 2651229062 for srcPort 13370
2016-11-07 03:01:59,540 - GateServerEndpoint.listener_13370 - INFO - Received response from gate of type Reservation
2016-11-07 03:01:59,540 - GateServerEndpoint.listener_13370 - INFO - Now listening on 20164.1.1337.5001:13370
2016-11-07 03:02:03,489 - playground.twisted.endpoints.GateEndpoint - INFO - Gate Callback connection made to IPv4Address(TCP, '127.0.0.1', 33280)
2016-11-07 03:02:03,490 - playground.twisted.endpoints.GateEndpoint - INFO - Callback protocol <playground.twisted.endpoints.GateEndpoint.GateCallbackProtocol object at 0x7f2a284ea850> created and connected to TCP port 33280, but not yet initialized with gate data
2016-11-07 03:02:03,490 - GateServerEndpoint.listener_13370 - INFO - Received response from gate of type Spawn
2016-11-07 03:02:03,491 - GateServerEndpoint.listener_13370 - INFO - Spawn connection from 20164.1.1337.6001 1000
2016-11-07 03:02:03,491 - playground.twisted.endpoints.GateEndpoint - INFO - Callback protocol <playground.twisted.endpoints.GateEndpoint.GateCallbackProtocol object at 0x7f2a284ea850> initialized for gate 20164.1.1337.5001:13370 to 20164.1.1337.6001:1000
2016-11-07 03:02:03,491 - playground.twisted.endpoints.GateEndpoint - INFO - Setting higher layer transport <class 'playground.twisted.endpoints.GateEndpoint.GateTransport'> Transport 20164.1.1337.5001: 13370 to 20164.1.1337.6001: 1000 over <GateCallbackProtocol #0 on 29305>
2016-11-07 03:02:03,507 - root - DEBUG - Starting state machine RIP State Machine in state LISTEN
2016-11-07 03:02:03,537 - root - DEBUG - State machine RIP State Machine in state LISTEN received signal RECV_SNN (RIP.RIPMessage v1.0 (7f2a284ead10))
2016-11-07 03:02:03,538 - root - DEBUG - State machine RIP State Machine existing current state LISTEN
2016-11-07 03:02:03,538 - root - DEBUG - State machine RIP State Machine entering state SNN-RECV
2016-11-07 03:02:03,622 - root - DEBUG - State machine RIP State Machine in state SNN-RECV received signal ACK_RCVD (RIP.RIPMessage v1.0 (7f2a284eac10))
2016-11-07 03:02:03,630 - root - DEBUG - State machine RIP State Machine existing current state SNN-RECV
2016-11-07 03:02:03,630 - root - DEBUG - State machine RIP State Machine entering state ESTAB
2016-11-07 03:02:17,236 - playground.twisted.endpoints.GateEndpoint - INFO - Gate Callback connection lost. Disconnecting higher protocol. reason=[Failure instance: Traceback (failure with no frames): <class 'twisted.internet.error.ConnectionLost'>: Connection to the other side was lost in a non-clean fashion: Connection lost.
]
2016-11-07 03:08:50,242 - playground.twisted.endpoints.GateEndpoint.GateService - INFO - Connecting to gate 127.0.0.1 19091 with callback port 11803
2016-11-07 03:08:50,243 - playground.twisted.endpoints.GateEndpoint.GateService - INFO - Starting outbound connection to gate.
2016-11-07 03:08:50,244 - playground.twisted.endpoints.GateEndpoint.GateService - INFO - Connection to Gate established.
2016-11-07 03:08:50,244 - GateServerEndpoint.listener_13370 - INFO - Gate connection complete.
2016-11-07 03:08:50,244 - playground.twisted.endpoints.GateEndpoint - INFO - Sending G2G port reservation to gate with ID 3543563208 for srcPort 13370
2016-11-07 03:08:50,245 - GateServerEndpoint.listener_13370 - INFO - Received response from gate of type Reservation
2016-11-07 03:08:50,245 - GateServerEndpoint.listener_13370 - INFO - Now listening on 20164.1.1337.5001:13370
2016-11-07 03:09:29,888 - playground.twisted.endpoints.GateEndpoint.GateService - INFO - Connecting to gate 127.0.0.1 19091 with callback port 19031
2016-11-07 03:09:29,889 - playground.twisted.endpoints.GateEndpoint.GateService - INFO - Starting outbound connection to gate.
2016-11-07 03:09:29,890 - playground.twisted.endpoints.GateEndpoint.GateService - INFO - Connection to Gate established.
2016-11-07 03:09:29,891 - GateServerEndpoint.listener_13370 - INFO - Gate connection complete.
2016-11-07 03:09:29,891 - playground.twisted.endpoints.GateEndpoint - INFO - Sending G2G port reservation to gate with ID 278683127 for srcPort 13370
2016-11-07 03:09:29,892 - GateServerEndpoint.listener_13370 - INFO - Received response from gate of type Reservation
2016-11-07 03:09:29,893 - GateServerEndpoint.listener_13370 - INFO - Now listening on 20164.1.1337.5001:13370
2016-11-07 03:09:31,464 - playground.twisted.endpoints.GateEndpoint - INFO - Gate Callback connection made to IPv4Address(TCP, '127.0.0.1', 50816)
2016-11-07 03:09:31,465 - playground.twisted.endpoints.GateEndpoint - INFO - Callback protocol <playground.twisted.endpoints.GateEndpoint.GateCallbackProtocol object at 0x7fbcbfcaf610> created and connected to TCP port 50816, but not yet initialized with gate data
2016-11-07 03:09:31,465 - GateServerEndpoint.listener_13370 - INFO - Received response from gate of type Spawn
2016-11-07 03:09:31,466 - GateServerEndpoint.listener_13370 - INFO - Spawn connection from 20164.1.1337.6001 1000
2016-11-07 03:09:31,470 - playground.twisted.endpoints.GateEndpoint - INFO - Callback protocol <playground.twisted.endpoints.GateEndpoint.GateCallbackProtocol object at 0x7fbcbfcaf610> initialized for gate 20164.1.1337.5001:13370 to 20164.1.1337.6001:1000
2016-11-07 03:09:31,470 - playground.twisted.endpoints.GateEndpoint - INFO - Setting higher layer transport <class 'playground.twisted.endpoints.GateEndpoint.GateTransport'> Transport 20164.1.1337.5001: 13370 to 20164.1.1337.6001: 1000 over <GateCallbackProtocol #0 on 19031>
2016-11-07 03:09:31,488 - root - DEBUG - Starting state machine RIP State Machine in state LISTEN
2016-11-07 03:09:31,514 - root - DEBUG - State machine RIP State Machine in state LISTEN received signal RECV_SNN (RIP.RIPMessage v1.0 (7fbcbfcaf850))
2016-11-07 03:09:31,515 - root - DEBUG - State machine RIP State Machine existing current state LISTEN
2016-11-07 03:09:31,515 - root - DEBUG - State machine RIP State Machine entering state SNN-RECV
2016-11-07 03:09:31,603 - root - DEBUG - State machine RIP State Machine in state SNN-RECV received signal ACK_RCVD (RIP.RIPMessage v1.0 (7fbcbfcafb10))
2016-11-07 03:09:31,637 - root - DEBUG - State machine RIP State Machine existing current state SNN-RECV
2016-11-07 03:09:31,638 - root - DEBUG - State machine RIP State Machine entering state ESTAB
2016-11-07 03:09:41,968 - playground.twisted.endpoints.GateEndpoint - INFO - GateTransport 20164.1.1337.5001: 13370 to 20164.1.1337.6001: 1000 lose connection
2016-11-07 03:09:41,969 - playground.twisted.endpoints.GateEndpoint - INFO - Gate Callback connection lost. Disconnecting higher protocol. reason=[Failure instance: Traceback (failure with no frames): <class 'twisted.internet.error.ConnectionDone'>: Connection was closed cleanly.
]
2016-11-07 03:10:01,331 - playground.twisted.endpoints.GateEndpoint.GateService - INFO - Connecting to gate 127.0.0.1 19091 with callback port 31666
2016-11-07 03:10:01,332 - playground.twisted.endpoints.GateEndpoint.GateService - INFO - Starting outbound connection to gate.
2016-11-07 03:10:01,333 - playground.twisted.endpoints.GateEndpoint.GateService - INFO - Connection to Gate established.
2016-11-07 03:10:01,333 - GateServerEndpoint.listener_13370 - INFO - Gate connection complete.
2016-11-07 03:10:01,334 - playground.twisted.endpoints.GateEndpoint - INFO - Sending G2G port reservation to gate with ID 2634639623 for srcPort 13370
2016-11-07 03:10:01,335 - GateServerEndpoint.listener_13370 - INFO - Received response from gate of type Reservation
2016-11-07 03:10:01,335 - GateServerEndpoint.listener_13370 - INFO - Now listening on 20164.1.1337.5001:13370
2016-11-07 03:10:03,416 - playground.twisted.endpoints.GateEndpoint - INFO - Gate Callback connection made to IPv4Address(TCP, '127.0.0.1', 50764)
2016-11-07 03:10:03,416 - playground.twisted.endpoints.GateEndpoint - INFO - Callback protocol <playground.twisted.endpoints.GateEndpoint.GateCallbackProtocol object at 0x7fe5d5572750> created and connected to TCP port 50764, but not yet initialized with gate data
2016-11-07 03:10:03,417 - GateServerEndpoint.listener_13370 - INFO - Received response from gate of type Spawn
2016-11-07 03:10:03,418 - GateServerEndpoint.listener_13370 - INFO - Spawn connection from 20164.1.1337.6001 1000
2016-11-07 03:10:03,418 - playground.twisted.endpoints.GateEndpoint - INFO - Callback protocol <playground.twisted.endpoints.GateEndpoint.GateCallbackProtocol object at 0x7fe5d5572750> initialized for gate 20164.1.1337.5001:13370 to 20164.1.1337.6001:1000
2016-11-07 03:10:03,418 - playground.twisted.endpoints.GateEndpoint - INFO - Setting higher layer transport <class 'playground.twisted.endpoints.GateEndpoint.GateTransport'> Transport 20164.1.1337.5001: 13370 to 20164.1.1337.6001: 1000 over <GateCallbackProtocol #0 on 31666>
2016-11-07 03:10:03,434 - root - DEBUG - Starting state machine RIP State Machine in state LISTEN
2016-11-07 03:10:03,480 - root - DEBUG - State machine RIP State Machine in state LISTEN received signal RECV_SNN (RIP.RIPMessage v1.0 (7fe5d5572990))
2016-11-07 03:10:03,481 - root - DEBUG - State machine RIP State Machine existing current state LISTEN
2016-11-07 03:10:03,481 - root - DEBUG - State machine RIP State Machine entering state SNN-RECV
2016-11-07 03:10:03,583 - root - DEBUG - State machine RIP State Machine in state SNN-RECV received signal ACK_RCVD (RIP.RIPMessage v1.0 (7fe5d5572c50))
2016-11-07 03:10:03,584 - root - DEBUG - State machine RIP State Machine existing current state SNN-RECV
2016-11-07 03:10:03,584 - root - DEBUG - State machine RIP State Machine entering state ESTAB
2016-11-07 03:10:06,617 - playground.twisted.endpoints.GateEndpoint - INFO - Gate Callback connection made to IPv4Address(TCP, '127.0.0.1', 50770)
2016-11-07 03:10:06,618 - playground.twisted.endpoints.GateEndpoint - INFO - Callback protocol <playground.twisted.endpoints.GateEndpoint.GateCallbackProtocol object at 0x7fe5d5047d90> created and connected to TCP port 50770, but not yet initialized with gate data
2016-11-07 03:10:06,618 - GateServerEndpoint.listener_13370 - INFO - Received response from gate of type Spawn
2016-11-07 03:10:06,619 - GateServerEndpoint.listener_13370 - INFO - Spawn connection from 20164.1.1337.6002 1000
2016-11-07 03:10:06,619 - playground.twisted.endpoints.GateEndpoint - INFO - Callback protocol <playground.twisted.endpoints.GateEndpoint.GateCallbackProtocol object at 0x7fe5d5047d90> initialized for gate 20164.1.1337.5001:13370 to 20164.1.1337.6002:1000
2016-11-07 03:10:06,619 - playground.twisted.endpoints.GateEndpoint - INFO - Setting higher layer transport <class 'playground.twisted.endpoints.GateEndpoint.GateTransport'> Transport 20164.1.1337.5001: 13370 to 20164.1.1337.6002: 1000 over <GateCallbackProtocol #1 on 31666>
2016-11-07 03:10:06,630 - root - DEBUG - Starting state machine RIP State Machine in state LISTEN
2016-11-07 03:10:06,653 - root - DEBUG - State machine RIP State Machine in state LISTEN received signal RECV_SNN (RIP.RIPMessage v1.0 (7fe5d5052090))
2016-11-07 03:10:06,654 - root - DEBUG - State machine RIP State Machine existing current state LISTEN
2016-11-07 03:10:06,654 - root - DEBUG - State machine RIP State Machine entering state SNN-RECV
2016-11-07 03:10:06,796 - root - DEBUG - State machine RIP State Machine in state SNN-RECV received signal ACK_RCVD (RIP.RIPMessage v1.0 (7fe5d4f7fe50))
2016-11-07 03:10:06,796 - root - DEBUG - State machine RIP State Machine existing current state SNN-RECV
2016-11-07 03:10:06,796 - root - DEBUG - State machine RIP State Machine entering state ESTAB
2016-11-07 03:10:16,034 - playground.twisted.endpoints.GateEndpoint - INFO - GateTransport 20164.1.1337.5001: 13370 to 20164.1.1337.6001: 1000 lose connection
2016-11-07 03:10:16,034 - playground.twisted.endpoints.GateEndpoint - INFO - Gate Callback connection lost. Disconnecting higher protocol. reason=[Failure instance: Traceback (failure with no frames): <class 'twisted.internet.error.ConnectionDone'>: Connection was closed cleanly.
]
2016-11-07 03:10:35,424 - playground.twisted.endpoints.GateEndpoint - INFO - GateTransport 20164.1.1337.5001: 13370 to 20164.1.1337.6002: 1000 lose connection
2016-11-07 03:10:35,425 - playground.twisted.endpoints.GateEndpoint - INFO - Gate Callback connection lost. Disconnecting higher protocol. reason=[Failure instance: Traceback (failure with no frames): <class 'twisted.internet.error.ConnectionDone'>: Connection was closed cleanly.
]
2016-11-07 03:31:22,795 - playground.twisted.endpoints.GateEndpoint.GateService - INFO - Connecting to gate 127.0.0.1 19091 with callback port 17439
2016-11-07 03:31:22,796 - playground.twisted.endpoints.GateEndpoint.GateService - INFO - Starting outbound connection to gate.
2016-11-07 03:31:22,797 - playground.twisted.endpoints.GateEndpoint.GateService - INFO - Connection to Gate established.
2016-11-07 03:31:22,797 - GateServerEndpoint.listener_13370 - INFO - Gate connection complete.
2016-11-07 03:31:22,798 - playground.twisted.endpoints.GateEndpoint - INFO - Sending G2G port reservation to gate with ID 2586347469 for srcPort 13370
2016-11-07 03:31:22,799 - GateServerEndpoint.listener_13370 - INFO - Received response from gate of type Reservation
2016-11-07 03:31:22,799 - GateServerEndpoint.listener_13370 - INFO - Now listening on 20164.1.1337.5001:13370
2016-11-07 03:31:25,277 - playground.twisted.endpoints.GateEndpoint - INFO - Gate Callback connection made to IPv4Address(TCP, '127.0.0.1', 42322)
2016-11-07 03:31:25,277 - playground.twisted.endpoints.GateEndpoint - INFO - Callback protocol <playground.twisted.endpoints.GateEndpoint.GateCallbackProtocol object at 0x7f51f3a49610> created and connected to TCP port 42322, but not yet initialized with gate data
2016-11-07 03:31:25,278 - GateServerEndpoint.listener_13370 - INFO - Received response from gate of type Spawn
2016-11-07 03:31:25,279 - GateServerEndpoint.listener_13370 - INFO - Spawn connection from 20164.1.1337.6001 1000
2016-11-07 03:31:25,279 - playground.twisted.endpoints.GateEndpoint - INFO - Callback protocol <playground.twisted.endpoints.GateEndpoint.GateCallbackProtocol object at 0x7f51f3a49610> initialized for gate 20164.1.1337.5001:13370 to 20164.1.1337.6001:1000
2016-11-07 03:31:25,279 - playground.twisted.endpoints.GateEndpoint - INFO - Setting higher layer transport <class 'playground.twisted.endpoints.GateEndpoint.GateTransport'> Transport 20164.1.1337.5001: 13370 to 20164.1.1337.6001: 1000 over <GateCallbackProtocol #0 on 17439>
2016-11-07 03:31:25,299 - root - DEBUG - Starting state machine RIP State Machine in state LISTEN
2016-11-07 03:31:25,319 - root - DEBUG - State machine RIP State Machine in state LISTEN received signal RECV_SNN (RIP.RIPMessage v1.0 (7f51f3a49ad0))
2016-11-07 03:31:25,320 - root - DEBUG - State machine RIP State Machine existing current state LISTEN
2016-11-07 03:31:25,320 - root - DEBUG - State machine RIP State Machine entering state SNN-RECV
2016-11-07 03:31:25,393 - root - DEBUG - State machine RIP State Machine in state SNN-RECV received signal ACK_RCVD (RIP.RIPMessage v1.0 (7f51f3a499d0))
2016-11-07 03:31:25,393 - root - DEBUG - State machine RIP State Machine existing current state SNN-RECV
2016-11-07 03:31:25,393 - root - DEBUG - State machine RIP State Machine entering state ESTAB
2016-11-07 03:31:30,328 - playground.twisted.endpoints.GateEndpoint - INFO - GateTransport 20164.1.1337.5001: 13370 to 20164.1.1337.6001: 1000 lose connection
2016-11-07 03:31:30,329 - playground.twisted.endpoints.GateEndpoint - INFO - Gate Callback connection lost. Disconnecting higher protocol. reason=[Failure instance: Traceback (failure with no frames): <class 'twisted.internet.error.ConnectionDone'>: Connection was closed cleanly.
]
2016-11-07 03:32:53,023 - playground.twisted.endpoints.GateEndpoint.GateService - INFO - Connecting to gate 127.0.0.1 19091 with callback port 31735
2016-11-07 03:32:53,023 - playground.twisted.endpoints.GateEndpoint.GateService - INFO - Starting outbound connection to gate.
2016-11-07 03:32:53,024 - playground.twisted.endpoints.GateEndpoint.GateService - INFO - Connection to Gate established.
2016-11-07 03:32:53,024 - GateServerEndpoint.listener_13370 - INFO - Gate connection complete.
2016-11-07 03:32:53,025 - playground.twisted.endpoints.GateEndpoint - INFO - Sending G2G port reservation to gate with ID 3195983417 for srcPort 13370
2016-11-07 03:32:53,026 - GateServerEndpoint.listener_13370 - INFO - Received response from gate of type Reservation
2016-11-07 03:32:53,027 - GateServerEndpoint.listener_13370 - INFO - Now listening on 20164.1.1337.5001:13370
2016-11-07 03:32:54,623 - playground.twisted.endpoints.GateEndpoint - INFO - Gate Callback connection made to IPv4Address(TCP, '127.0.0.1', 43572)
2016-11-07 03:32:54,623 - playground.twisted.endpoints.GateEndpoint - INFO - Callback protocol <playground.twisted.endpoints.GateEndpoint.GateCallbackProtocol object at 0x7f9ab1653610> created and connected to TCP port 43572, but not yet initialized with gate data
2016-11-07 03:32:54,623 - GateServerEndpoint.listener_13370 - INFO - Received response from gate of type Spawn
2016-11-07 03:32:54,624 - GateServerEndpoint.listener_13370 - INFO - Spawn connection from 20164.1.1337.6001 1000
2016-11-07 03:32:54,624 - playground.twisted.endpoints.GateEndpoint - INFO - Callback protocol <playground.twisted.endpoints.GateEndpoint.GateCallbackProtocol object at 0x7f9ab1653610> initialized for gate 20164.1.1337.5001:13370 to 20164.1.1337.6001:1000
2016-11-07 03:32:54,624 - playground.twisted.endpoints.GateEndpoint - INFO - Setting higher layer transport <class 'playground.twisted.endpoints.GateEndpoint.GateTransport'> Transport 20164.1.1337.5001: 13370 to 20164.1.1337.6001: 1000 over <GateCallbackProtocol #0 on 31735>
2016-11-07 03:32:54,645 - root - DEBUG - Starting state machine RIP State Machine in state LISTEN
2016-11-07 03:32:54,682 - root - DEBUG - State machine RIP State Machine in state LISTEN received signal RECV_SNN (RIP.RIPMessage v1.0 (7f9ab1653850))
2016-11-07 03:32:54,682 - root - DEBUG - State machine RIP State Machine existing current state LISTEN
2016-11-07 03:32:54,682 - root - DEBUG - State machine RIP State Machine entering state SNN-RECV
2016-11-07 03:32:54,767 - root - DEBUG - State machine RIP State Machine in state SNN-RECV received signal ACK_RCVD (RIP.RIPMessage v1.0 (7f9ab1653b10))
2016-11-07 03:32:54,769 - root - DEBUG - State machine RIP State Machine existing current state SNN-RECV
2016-11-07 03:32:54,769 - root - DEBUG - State machine RIP State Machine entering state ESTAB
2016-11-07 03:33:03,301 - playground.twisted.endpoints.GateEndpoint - INFO - GateTransport 20164.1.1337.5001: 13370 to 20164.1.1337.6001: 1000 lose connection
2016-11-07 03:33:03,301 - playground.twisted.endpoints.GateEndpoint - INFO - GateTransport 20164.1.1337.5001: 13370 to 20164.1.1337.6001: 1000 lose connection
2016-11-07 03:33:03,302 - playground.twisted.endpoints.GateEndpoint - INFO - Gate Callback connection lost. Disconnecting higher protocol. reason=[Failure instance: Traceback (failure with no frames): <class 'twisted.internet.error.ConnectionDone'>: Connection was closed cleanly.
]
2016-11-07 03:33:53,780 - playground.twisted.endpoints.GateEndpoint.GateService - INFO - Connecting to gate 127.0.0.1 19091 with callback port 13038
2016-11-07 03:33:53,781 - playground.twisted.endpoints.GateEndpoint.GateService - INFO - Starting outbound connection to gate.
2016-11-07 03:33:53,782 - playground.twisted.endpoints.GateEndpoint.GateService - INFO - Connection to Gate established.
2016-11-07 03:33:53,782 - GateServerEndpoint.listener_13370 - INFO - Gate connection complete.
2016-11-07 03:33:53,782 - playground.twisted.endpoints.GateEndpoint - INFO - Sending G2G port reservation to gate with ID 2066530416 for srcPort 13370
2016-11-07 03:33:53,789 - GateServerEndpoint.listener_13370 - INFO - Received response from gate of type Reservation
2016-11-07 03:33:53,789 - GateServerEndpoint.listener_13370 - INFO - Now listening on 20164.1.1337.5001:13370
2016-11-07 03:33:55,645 - playground.twisted.endpoints.GateEndpoint - INFO - Gate Callback connection made to IPv4Address(TCP, '127.0.0.1', 35740)
2016-11-07 03:33:55,645 - playground.twisted.endpoints.GateEndpoint - INFO - Callback protocol <playground.twisted.endpoints.GateEndpoint.GateCallbackProtocol object at 0x7f8275344610> created and connected to TCP port 35740, but not yet initialized with gate data
2016-11-07 03:33:55,646 - GateServerEndpoint.listener_13370 - INFO - Received response from gate of type Spawn
2016-11-07 03:33:55,647 - GateServerEndpoint.listener_13370 - INFO - Spawn connection from 20164.1.1337.6001 1000
2016-11-07 03:33:55,648 - playground.twisted.endpoints.GateEndpoint - INFO - Callback protocol <playground.twisted.endpoints.GateEndpoint.GateCallbackProtocol object at 0x7f8275344610> initialized for gate 20164.1.1337.5001:13370 to 20164.1.1337.6001:1000
2016-11-07 03:33:55,648 - playground.twisted.endpoints.GateEndpoint - INFO - Setting higher layer transport <class 'playground.twisted.endpoints.GateEndpoint.GateTransport'> Transport 20164.1.1337.5001: 13370 to 20164.1.1337.6001: 1000 over <GateCallbackProtocol #0 on 13038>
2016-11-07 03:33:55,672 - root - DEBUG - Starting state machine RIP State Machine in state LISTEN
2016-11-07 03:33:55,710 - root - DEBUG - State machine RIP State Machine in state LISTEN received signal RECV_SNN (RIP.RIPMessage v1.0 (7f8275344850))
2016-11-07 03:33:55,710 - root - DEBUG - State machine RIP State Machine existing current state LISTEN
2016-11-07 03:33:55,710 - root - DEBUG - State machine RIP State Machine entering state SNN-RECV
2016-11-07 03:33:55,808 - root - DEBUG - State machine RIP State Machine in state SNN-RECV received signal ACK_RCVD (RIP.RIPMessage v1.0 (7f8275344b10))
2016-11-07 03:33:55,814 - root - DEBUG - State machine RIP State Machine existing current state SNN-RECV
2016-11-07 03:33:55,814 - root - DEBUG - State machine RIP State Machine entering state ESTAB
2016-11-07 03:33:59,395 - playground.twisted.endpoints.GateEndpoint - INFO - GateTransport 20164.1.1337.5001: 13370 to 20164.1.1337.6001: 1000 lose connection
2016-11-07 03:33:59,396 - playground.twisted.endpoints.GateEndpoint - INFO - GateTransport 20164.1.1337.5001: 13370 to 20164.1.1337.6001: 1000 lose connection
2016-11-07 03:33:59,396 - playground.twisted.endpoints.GateEndpoint - INFO - Gate Callback connection lost. Disconnecting higher protocol. reason=[Failure instance: Traceback (failure with no frames): <class 'twisted.internet.error.ConnectionDone'>: Connection was closed cleanly.
]
